#
# There is insufficient memory for the Java Runtime Environment to continue.
# Native memory allocation (malloc) failed to allocate 787616 bytes for Chunk::new
# Possible reasons:
#   The system is out of physical RAM or swap space
#   The process is running with CompressedOops enabled, and the Java Heap may be blocking the growth of the native heap
# Possible solutions:
#   Reduce memory load on the system
#   Increase physical memory or swap space
#   Check if swap backing store is full
#   Decrease Java heap size (-Xmx/-Xms)
#   Decrease number of Java threads
#   Decrease Java thread stack sizes (-Xss)
#   Set larger code cache with -XX:ReservedCodeCacheSize=
#   JVM is running with Unscaled Compressed Oops mode in which the Java heap is
#     placed in the first 4GB address space. The Java Heap base address is the
#     maximum limit for the native heap growth. Please use -XX:HeapBaseMinAddress
#     to set the Java Heap base and to place the Java Heap above 4GB virtual address.
# This output file may be truncated or incomplete.
#
#  Out of Memory Error (./src/hotspot/share/memory/arena.cpp:197), pid=19272, tid=19044
#
# JRE version: OpenJDK Runtime Environment (11.0.11+9) (build 11.0.11+9-b60-7590822)
# Java VM: OpenJDK 64-Bit Server VM (11.0.11+9-b60-7590822, mixed mode, tiered, compressed oops, g1 gc, windows-amd64)
# No core dump will be written. Minidumps are not enabled by default on client versions of Windows
#

---------------  S U M M A R Y ------------

Command Line: --add-opens=java.base/java.util=ALL-UNNAMED --add-opens=java.base/java.lang=ALL-UNNAMED --add-opens=java.base/java.lang.invoke=ALL-UNNAMED --add-opens=java.base/java.util=ALL-UNNAMED --add-opens=java.prefs/java.util.prefs=ALL-UNNAMED --add-opens=java.prefs/java.util.prefs=ALL-UNNAMED --add-opens=java.base/java.nio.charset=ALL-UNNAMED --add-opens=java.base/java.net=ALL-UNNAMED --add-opens=java.base/java.util.concurrent.atomic=ALL-UNNAMED -Xmx2048m -Dfile.encoding=UTF-8 -Duser.country=US -Duser.language=en -Duser.variant org.gradle.launcher.daemon.bootstrap.GradleDaemon 7.2

Host: Intel(R) Core(TM) i7-10870H CPU @ 2.20GHz, 16 cores, 15G,  Windows 10 , 64 bit Build 22000 (10.0.22000.613)
Time: Wed Apr 20 05:19:07 2022 India Standard Time elapsed time: 1801.736889 seconds (0d 0h 30m 1s)

---------------  T H R E A D  ---------------

Current thread (0x0000027004cdd000):  JavaThread "C2 CompilerThread0" daemon [_thread_in_native, id=19044, stack(0x000000fbc5500000,0x000000fbc5600000)]


Current CompileTask:
C2:1801736 22054       4       org.gradle.internal.logging.sink.OutputEventRenderer$LazyListener::onOutput (95 bytes)

Stack: [0x000000fbc5500000,0x000000fbc5600000]
Native frames: (J=compiled Java code, j=interpreted, Vv=VM code, C=native code)
V  [jvm.dll+0x5f214a]
V  [jvm.dll+0x726fb5]
V  [jvm.dll+0x7285cd]
V  [jvm.dll+0x728c83]
V  [jvm.dll+0x243278]
V  [jvm.dll+0xbc53c]
V  [jvm.dll+0xbca3c]
V  [jvm.dll+0x2b5c34]
V  [jvm.dll+0x508488]
V  [jvm.dll+0x203d53]
V  [jvm.dll+0x1fdbac]
V  [jvm.dll+0x1fb35f]
V  [jvm.dll+0x183d6c]
V  [jvm.dll+0x209a57]
V  [jvm.dll+0x2082a1]
V  [jvm.dll+0x6ef58f]
V  [jvm.dll+0x6e80b5]
V  [jvm.dll+0x5f1036]
C  [ucrtbase.dll+0x26c0c]
C  [KERNEL32.DLL+0x154e0]
C  [ntdll.dll+0x485b]


---------------  P R O C E S S  ---------------

Threads class SMR info:
_java_thread_list=0x00000270084e4e50, length=58, elements={
0x0000027069381000, 0x0000027004c79800, 0x0000027004c7d000, 0x0000027004cd8800,
0x0000027004cda800, 0x0000027004cdc000, 0x0000027004cdd000, 0x0000027004cde000,
0x0000027004ce1000, 0x0000027004e4e800, 0x00000270068ca800, 0x0000027005026800,
0x00000270065b4000, 0x00000270068c6800, 0x00000270068c7800, 0x00000270068c2800,
0x00000270068c1800, 0x00000270068c4000, 0x0000027009d8c000, 0x0000027009d8d000,
0x0000027009d93800, 0x0000027009d8d800, 0x0000027009d8e800, 0x000002700bdc2000,
0x000002700bdc4800, 0x000002700bdc0800, 0x000002700bdc1800, 0x000002700bdc7000,
0x000002700bdc8000, 0x000002700bdc8800, 0x000002700bdc9800, 0x000002700bdc3800,
0x000002700bdcd800, 0x000002700bdcc000, 0x000002700bdca800, 0x000002700bdcb000,
0x000002700bdcc800, 0x000002700842d800, 0x00000270130e0800, 0x00000270135a9000,
0x000002700e398000, 0x000002700dad8800, 0x000002700842b000, 0x000002700dad8000,
0x000002700dad4800, 0x000002700dad7000, 0x000002700dad9800, 0x000002700dada000,
0x000002700dadb000, 0x000002700dad5800, 0x000002700dad6000, 0x000002700dade800,
0x000002700dadc800, 0x000002700dadf000, 0x000002700dadc000, 0x000002700dae1800,
0x000002700dae2800, 0x000002700dae3000
}

Java Threads: ( => current thread )
  0x0000027069381000 JavaThread "main" [_thread_blocked, id=6632, stack(0x000000fbc4900000,0x000000fbc4a00000)]
  0x0000027004c79800 JavaThread "Reference Handler" daemon [_thread_blocked, id=19064, stack(0x000000fbc5000000,0x000000fbc5100000)]
  0x0000027004c7d000 JavaThread "Finalizer" daemon [_thread_blocked, id=9796, stack(0x000000fbc5100000,0x000000fbc5200000)]
  0x0000027004cd8800 JavaThread "Signal Dispatcher" daemon [_thread_blocked, id=1084, stack(0x000000fbc5200000,0x000000fbc5300000)]
  0x0000027004cda800 JavaThread "Attach Listener" daemon [_thread_blocked, id=19856, stack(0x000000fbc5300000,0x000000fbc5400000)]
  0x0000027004cdc000 JavaThread "Service Thread" daemon [_thread_blocked, id=19288, stack(0x000000fbc5400000,0x000000fbc5500000)]
=>0x0000027004cdd000 JavaThread "C2 CompilerThread0" daemon [_thread_in_native, id=19044, stack(0x000000fbc5500000,0x000000fbc5600000)]
  0x0000027004cde000 JavaThread "C1 CompilerThread0" daemon [_thread_blocked, id=6876, stack(0x000000fbc5600000,0x000000fbc5700000)]
  0x0000027004ce1000 JavaThread "Sweeper thread" daemon [_thread_blocked, id=5692, stack(0x000000fbc5700000,0x000000fbc5800000)]
  0x0000027004e4e800 JavaThread "Common-Cleaner" daemon [_thread_blocked, id=20180, stack(0x000000fbc5900000,0x000000fbc5a00000)]
  0x00000270068ca800 JavaThread "Daemon health stats" [_thread_blocked, id=10828, stack(0x000000fbc6400000,0x000000fbc6500000)]
  0x0000027005026800 JavaThread "Incoming local TCP Connector on port 60305" [_thread_in_native, id=1296, stack(0x000000fbc5b00000,0x000000fbc5c00000)]
  0x00000270065b4000 JavaThread "Daemon periodic checks" [_thread_blocked, id=19336, stack(0x000000fbc5c00000,0x000000fbc5d00000)]
  0x00000270068c6800 JavaThread "Cache worker for journal cache (C:\Users\Ahaan\.gradle\caches\journal-1)" [_thread_blocked, id=10804, stack(0x000000fbc6c00000,0x000000fbc6d00000)]
  0x00000270068c7800 JavaThread "File lock request listener" [_thread_in_native, id=19212, stack(0x000000fbc6d00000,0x000000fbc6e00000)]
  0x00000270068c2800 JavaThread "Cache worker for file hash cache (C:\Users\Ahaan\.gradle\caches\7.2\fileHashes)" [_thread_blocked, id=18636, stack(0x000000fbc6e00000,0x000000fbc6f00000)]
  0x00000270068c1800 JavaThread "File watcher server" daemon [_thread_in_native, id=3772, stack(0x000000fbc7b00000,0x000000fbc7c00000)]
  0x00000270068c4000 JavaThread "File watcher consumer" daemon [_thread_blocked, id=7768, stack(0x000000fbc7c00000,0x000000fbc7d00000)]
  0x0000027009d8c000 JavaThread "Cache worker for execution history cache (C:\Users\Ahaan\.gradle\caches\7.2\executionHistory)" [_thread_blocked, id=8176, stack(0x000000fbc8000000,0x000000fbc8100000)]
  0x0000027009d8d000 JavaThread "jar transforms" [_thread_blocked, id=11760, stack(0x000000fbc8400000,0x000000fbc8500000)]
  0x0000027009d93800 JavaThread "Cache worker for file content cache (C:\Users\Ahaan\.gradle\caches\7.2\fileContent)" [_thread_blocked, id=19348, stack(0x000000fbc8500000,0x000000fbc8600000)]
  0x0000027009d8d800 JavaThread "jar transforms Thread 2" [_thread_blocked, id=2152, stack(0x000000fbc8600000,0x000000fbc8700000)]
  0x0000027009d8e800 JavaThread "jar transforms Thread 3" [_thread_blocked, id=18848, stack(0x000000fbc8800000,0x000000fbc8900000)]
  0x000002700bdc2000 JavaThread "jar transforms Thread 4" [_thread_blocked, id=14196, stack(0x000000fbd1000000,0x000000fbd1100000)]
  0x000002700bdc4800 JavaThread "jar transforms Thread 5" [_thread_blocked, id=16188, stack(0x000000fbd1100000,0x000000fbd1200000)]
  0x000002700bdc0800 JavaThread "jar transforms Thread 6" [_thread_blocked, id=17148, stack(0x000000fbd1200000,0x000000fbd1300000)]
  0x000002700bdc1800 JavaThread "jar transforms Thread 7" [_thread_blocked, id=12092, stack(0x000000fbd1300000,0x000000fbd1400000)]
  0x000002700bdc7000 JavaThread "jar transforms Thread 8" [_thread_blocked, id=13024, stack(0x000000fbd1400000,0x000000fbd1500000)]
  0x000002700bdc8000 JavaThread "jar transforms Thread 9" [_thread_blocked, id=10168, stack(0x000000fbd1500000,0x000000fbd1600000)]
  0x000002700bdc8800 JavaThread "jar transforms Thread 10" [_thread_blocked, id=15320, stack(0x000000fbd1600000,0x000000fbd1700000)]
  0x000002700bdc9800 JavaThread "jar transforms Thread 11" [_thread_blocked, id=10340, stack(0x000000fbd1700000,0x000000fbd1800000)]
  0x000002700bdc3800 JavaThread "jar transforms Thread 12" [_thread_blocked, id=10264, stack(0x000000fbd1800000,0x000000fbd1900000)]
  0x000002700bdcd800 JavaThread "jar transforms Thread 13" [_thread_blocked, id=17460, stack(0x000000fbd1900000,0x000000fbd1a00000)]
  0x000002700bdcc000 JavaThread "jar transforms Thread 14" [_thread_blocked, id=5912, stack(0x000000fbd1a00000,0x000000fbd1b00000)]
  0x000002700bdca800 JavaThread "jar transforms Thread 15" [_thread_blocked, id=3228, stack(0x000000fbd1b00000,0x000000fbd1c00000)]
  0x000002700bdcb000 JavaThread "jar transforms Thread 16" [_thread_blocked, id=20204, stack(0x000000fbd1c00000,0x000000fbd1d00000)]
  0x000002700bdcc800 JavaThread "Memory manager" [_thread_blocked, id=20104, stack(0x000000fbc8100000,0x000000fbc8200000)]
  0x000002700842d800 JavaThread "pool-3-thread-1" [_thread_blocked, id=11748, stack(0x000000fbd1f00000,0x000000fbd2000000)]
  0x00000270130e0800 JavaThread "Cache worker for Java compile cache (C:\Users\Ahaan\.gradle\caches\7.2\javaCompile)" [_thread_blocked, id=6472, stack(0x000000fbd5400000,0x000000fbd5500000)]
  0x00000270135a9000 JavaThread "pool-8-thread-1" [_thread_blocked, id=11544, stack(0x000000fbd2000000,0x000000fbd2100000)]
  0x000002700e398000 JavaThread "ForkJoinPool.commonPool-worker-1" daemon [_thread_blocked, id=1920, stack(0x000000fbd7700000,0x000000fbd7800000)]
  0x000002700dad8800 JavaThread "pool-12-thread-1" [_thread_blocked, id=9532, stack(0x000000fbd1d00000,0x000000fbd1e00000)]
  0x000002700842b000 JavaThread "pool-15-thread-1" [_thread_blocked, id=6244, stack(0x000000fbd0f00000,0x000000fbd1000000)]
  0x000002700dad8000 JavaThread "Daemon Thread 5" [_thread_blocked, id=8240, stack(0x000000fbc4600000,0x000000fbc4700000)]
  0x000002700dad4800 JavaThread "Handler for socket connection from /127.0.0.1:60305 to /127.0.0.1:50431" [_thread_in_native, id=10880, stack(0x000000fbc4700000,0x000000fbc4800000)]
  0x000002700dad7000 JavaThread "Cancel handler" [_thread_blocked, id=12084, stack(0x000000fbc4800000,0x000000fbc4900000)]
  0x000002700dad9800 JavaThread "Daemon worker Thread 5" [_thread_in_native, id=18796, stack(0x000000fbc5800000,0x000000fbc5900000)]
  0x000002700dada000 JavaThread "Asynchronous log dispatcher for DefaultDaemonConnection: socket connection from /127.0.0.1:60305 to /127.0.0.1:50431" [_thread_blocked, id=3376, stack(0x000000fbc5d00000,0x000000fbc5e00000)]
  0x000002700dadb000 JavaThread "Stdin handler" [_thread_blocked, id=6716, stack(0x000000fbc5e00000,0x000000fbc5f00000)]
  0x000002700dad5800 JavaThread "Daemon client event forwarder" [_thread_blocked, id=9152, stack(0x000000fbc6500000,0x000000fbc6600000)]
  0x000002700dad6000 JavaThread "Cache worker for file hash cache (D:\Android Studio\BloodDonation\.gradle\7.2\fileHashes)" [_thread_blocked, id=19296, stack(0x000000fbc6600000,0x000000fbc6700000)]
  0x000002700dade800 JavaThread "Cache worker for checksums cache (D:\Android Studio\BloodDonation\.gradle\checksums)" [_thread_blocked, id=14236, stack(0x000000fbc6700000,0x000000fbc6800000)]
  0x000002700dadc800 JavaThread "Cache worker for cache directory md-supplier (C:\Users\Ahaan\.gradle\caches\7.2\md-supplier)" [_thread_blocked, id=16068, stack(0x000000fbc6800000,0x000000fbc6900000)]
  0x000002700dadf000 JavaThread "Cache worker for cache directory md-rule (C:\Users\Ahaan\.gradle\caches\7.2\md-rule)" [_thread_blocked, id=8488, stack(0x000000fbc6900000,0x000000fbc6a00000)]
  0x000002700dadc000 JavaThread "C2 CompilerThread1" daemon [_thread_in_native, id=19880, stack(0x000000fbc6a00000,0x000000fbc6b00000)]
  0x000002700dae1800 JavaThread "Cache worker for dependencies-accessors (D:\Android Studio\BloodDonation\.gradle\7.2\dependencies-accessors)" [_thread_blocked, id=11968, stack(0x000000fbc6b00000,0x000000fbc6c00000)]
  0x000002700dae2800 JavaThread "C2 CompilerThread2" daemon [_thread_in_native, id=2096, stack(0x000000fbc7800000,0x000000fbc7900000)]
  0x000002700dae3000 JavaThread "Cache worker for Build Output Cleanup Cache (D:\Android Studio\BloodDonation\.gradle\buildOutputCleanup)" [_thread_blocked, id=15132, stack(0x000000fbc7a00000,0x000000fbc7b00000)]

Other Threads:
  0x0000027004c77000 VMThread "VM Thread" [stack: 0x000000fbc4f00000,0x000000fbc5000000] [id=9144]
  0x0000027004e84000 WatcherThread [stack: 0x000000fbc5a00000,0x000000fbc5b00000] [id=15928]
  0x0000027069399000 GCTaskThread "GC Thread#0" [stack: 0x000000fbc4a00000,0x000000fbc4b00000] [id=2988]
  0x0000027005b5c000 GCTaskThread "GC Thread#1" [stack: 0x000000fbc5f00000,0x000000fbc6000000] [id=14248]
  0x0000027005b59800 GCTaskThread "GC Thread#2" [stack: 0x000000fbc6000000,0x000000fbc6100000] [id=10172]
  0x0000027005b5a800 GCTaskThread "GC Thread#3" [stack: 0x000000fbc6100000,0x000000fbc6200000] [id=8312]
  0x0000027005b5b000 GCTaskThread "GC Thread#4" [stack: 0x000000fbc6200000,0x000000fbc6300000] [id=7592]
  0x0000027005b5c800 GCTaskThread "GC Thread#5" [stack: 0x000000fbc6300000,0x000000fbc6400000] [id=7260]
  0x0000027005b5d800 GCTaskThread "GC Thread#6" [stack: 0x000000fbc6f00000,0x000000fbc7000000] [id=11384]
  0x0000027005b5e000 GCTaskThread "GC Thread#7" [stack: 0x000000fbc7000000,0x000000fbc7100000] [id=15576]
  0x0000027005b57800 GCTaskThread "GC Thread#8" [stack: 0x000000fbc7100000,0x000000fbc7200000] [id=19704]
  0x0000027005b5e800 GCTaskThread "GC Thread#9" [stack: 0x000000fbc7200000,0x000000fbc7300000] [id=16224]
  0x0000027005b58000 GCTaskThread "GC Thread#10" [stack: 0x000000fbc7300000,0x000000fbc7400000] [id=8080]
  0x0000027005b59000 GCTaskThread "GC Thread#11" [stack: 0x000000fbc7400000,0x000000fbc7500000] [id=11672]
  0x00000270072b1000 GCTaskThread "GC Thread#12" [stack: 0x000000fbc7500000,0x000000fbc7600000] [id=1440]
  0x00000270693cf000 ConcurrentGCThread "G1 Main Marker" [stack: 0x000000fbc4b00000,0x000000fbc4c00000] [id=10732]
  0x00000270693d0000 ConcurrentGCThread "G1 Conc#0" [stack: 0x000000fbc4c00000,0x000000fbc4d00000] [id=19068]
  0x00000270072b5000 ConcurrentGCThread "G1 Conc#1" [stack: 0x000000fbc7600000,0x000000fbc7700000] [id=1996]
  0x00000270072b1800 ConcurrentGCThread "G1 Conc#2" [stack: 0x000000fbc7700000,0x000000fbc7800000] [id=9744]
  0x00000270042c3800 ConcurrentGCThread "G1 Refine#0" [stack: 0x000000fbc4d00000,0x000000fbc4e00000] [id=15668]
  0x00000270072b7800 ConcurrentGCThread "G1 Refine#1" [stack: 0x000000fbc7900000,0x000000fbc7a00000] [id=17676]
  0x00000270072b3800 ConcurrentGCThread "G1 Refine#2" [stack: 0x000000fbc7d00000,0x000000fbc7e00000] [id=18696]
  0x00000270042c6800 ConcurrentGCThread "G1 Young RemSet Sampling" [stack: 0x000000fbc4e00000,0x000000fbc4f00000] [id=1708]

Threads with active compile tasks:
C2 CompilerThread01801754 22054       4       org.gradle.internal.logging.sink.OutputEventRenderer$LazyListener::onOutput (95 bytes)
C2 CompilerThread11801754 22092       4       org.gradle.api.internal.artifacts.ivyservice.resolveengine.graph.builder.ComponentState::resolve (118 bytes)
C2 CompilerThread21801754 22055       4       org.gradle.internal.logging.sink.LogEventDispatcher::onOutput (60 bytes)

VM state:not at safepoint (normal execution)

VM Mutex/Monitor currently owned by a thread: None

Heap address: 0x0000000080000000, size: 2048 MB, Compressed Oops mode: 32-bit
Narrow klass base: 0x0000000000000000, Narrow klass shift: 3
Compressed class space size: 1073741824 Address: 0x0000000100000000

Heap:
 garbage-first heap   total 260096K, used 95823K [0x0000000080000000, 0x0000000100000000)
  region size 1024K, 9 young (9216K), 6 survivors (6144K)
 Metaspace       used 128382K, capacity 133742K, committed 134016K, reserved 1165312K
  class space    used 16751K, capacity 18953K, committed 19036K, reserved 1048576K
Heap Regions: E=young(eden), S=young(survivor), O=old, HS=humongous(starts), HC=humongous(continues), CS=collection set, F=free, A=archive, TAMS=top-at-mark-start (previous, next)
|   0|0x0000000080000000, 0x0000000080100000, 0x0000000080100000|100%| O|  |TAMS 0x0000000080100000, 0x0000000080000000| Untracked 
|   1|0x0000000080100000, 0x0000000080200000, 0x0000000080200000|100%| O|  |TAMS 0x0000000080200000, 0x0000000080100000| Untracked 
|   2|0x0000000080200000, 0x0000000080300000, 0x0000000080300000|100%| O|  |TAMS 0x0000000080300000, 0x0000000080200000| Untracked 
|   3|0x0000000080300000, 0x0000000080400000, 0x0000000080400000|100%|HS|  |TAMS 0x0000000080400000, 0x0000000080300000| Complete 
|   4|0x0000000080400000, 0x0000000080500000, 0x0000000080500000|100%|HC|  |TAMS 0x0000000080500000, 0x0000000080400000| Complete 
|   5|0x0000000080500000, 0x0000000080600000, 0x0000000080600000|100%|HC|  |TAMS 0x0000000080600000, 0x0000000080500000| Complete 
|   6|0x0000000080600000, 0x0000000080700000, 0x0000000080700000|100%| O|  |TAMS 0x0000000080700000, 0x0000000080600000| Untracked 
|   7|0x0000000080700000, 0x0000000080800000, 0x0000000080800000|100%| O|  |TAMS 0x0000000080800000, 0x0000000080700000| Untracked 
|   8|0x0000000080800000, 0x0000000080900000, 0x0000000080900000|100%| O|  |TAMS 0x0000000080900000, 0x0000000080800000| Untracked 
|   9|0x0000000080900000, 0x0000000080a00000, 0x0000000080a00000|100%| O|  |TAMS 0x0000000080a00000, 0x0000000080900000| Untracked 
|  10|0x0000000080a00000, 0x0000000080b00000, 0x0000000080b00000|100%| O|  |TAMS 0x0000000080b00000, 0x0000000080a00000| Untracked 
|  11|0x0000000080b00000, 0x0000000080c00000, 0x0000000080c00000|100%| O|  |TAMS 0x0000000080c00000, 0x0000000080b00000| Untracked 
|  12|0x0000000080c00000, 0x0000000080d00000, 0x0000000080d00000|100%| O|  |TAMS 0x0000000080d00000, 0x0000000080c00000| Untracked 
|  13|0x0000000080d00000, 0x0000000080e00000, 0x0000000080e00000|100%| O|  |TAMS 0x0000000080e00000, 0x0000000080d00000| Untracked 
|  14|0x0000000080e00000, 0x0000000080f00000, 0x0000000080f00000|100%| O|  |TAMS 0x0000000080f00000, 0x0000000080e00000| Untracked 
|  15|0x0000000080f00000, 0x0000000081000000, 0x0000000081000000|100%| O|  |TAMS 0x0000000081000000, 0x0000000080f00000| Untracked 
|  16|0x0000000081000000, 0x0000000081100000, 0x0000000081100000|100%|HS|  |TAMS 0x0000000081100000, 0x0000000081000000| Complete 
|  17|0x0000000081100000, 0x0000000081200000, 0x0000000081200000|100%|HS|  |TAMS 0x0000000081200000, 0x0000000081100000| Complete 
|  18|0x0000000081200000, 0x0000000081300000, 0x0000000081300000|100%|HS|  |TAMS 0x0000000081300000, 0x0000000081200000| Complete 
|  19|0x0000000081300000, 0x0000000081400000, 0x0000000081400000|100%|HS|  |TAMS 0x0000000081400000, 0x0000000081300000| Complete 
|  20|0x0000000081400000, 0x0000000081500000, 0x0000000081500000|100%|HC|  |TAMS 0x0000000081500000, 0x0000000081400000| Complete 
|  21|0x0000000081500000, 0x0000000081600000, 0x0000000081600000|100%| O|  |TAMS 0x0000000081600000, 0x0000000081500000| Untracked 
|  22|0x0000000081600000, 0x0000000081700000, 0x0000000081700000|100%| O|  |TAMS 0x0000000081700000, 0x0000000081600000| Untracked 
|  23|0x0000000081700000, 0x0000000081800000, 0x0000000081800000|100%| O|  |TAMS 0x0000000081800000, 0x0000000081700000| Untracked 
|  24|0x0000000081800000, 0x0000000081900000, 0x0000000081900000|100%| O|  |TAMS 0x0000000081900000, 0x0000000081800000| Untracked 
|  25|0x0000000081900000, 0x0000000081a00000, 0x0000000081a00000|100%| O|  |TAMS 0x0000000081a00000, 0x0000000081900000| Untracked 
|  26|0x0000000081a00000, 0x0000000081b00000, 0x0000000081b00000|100%| O|  |TAMS 0x0000000081b00000, 0x0000000081a00000| Untracked 
|  27|0x0000000081b00000, 0x0000000081c00000, 0x0000000081c00000|100%| O|  |TAMS 0x0000000081c00000, 0x0000000081b00000| Untracked 
|  28|0x0000000081c00000, 0x0000000081d00000, 0x0000000081d00000|100%| O|  |TAMS 0x0000000081d00000, 0x0000000081c00000| Untracked 
|  29|0x0000000081d00000, 0x0000000081e00000, 0x0000000081e00000|100%| O|  |TAMS 0x0000000081e00000, 0x0000000081d00000| Untracked 
|  30|0x0000000081e00000, 0x0000000081f00000, 0x0000000081f00000|100%| O|  |TAMS 0x0000000081f00000, 0x0000000081e00000| Untracked 
|  31|0x0000000081f00000, 0x0000000082000000, 0x0000000082000000|100%| O|  |TAMS 0x0000000082000000, 0x0000000081f00000| Untracked 
|  32|0x0000000082000000, 0x0000000082100000, 0x0000000082100000|100%| O|  |TAMS 0x0000000082100000, 0x0000000082000000| Untracked 
|  33|0x0000000082100000, 0x0000000082200000, 0x0000000082200000|100%| O|  |TAMS 0x0000000082200000, 0x0000000082100000| Untracked 
|  34|0x0000000082200000, 0x0000000082300000, 0x0000000082300000|100%| O|  |TAMS 0x0000000082300000, 0x0000000082200000| Untracked 
|  35|0x0000000082300000, 0x0000000082400000, 0x0000000082400000|100%| O|  |TAMS 0x0000000082400000, 0x0000000082300000| Untracked 
|  36|0x0000000082400000, 0x0000000082500000, 0x0000000082500000|100%| O|  |TAMS 0x0000000082500000, 0x0000000082400000| Untracked 
|  37|0x0000000082500000, 0x0000000082600000, 0x0000000082600000|100%| O|  |TAMS 0x0000000082600000, 0x0000000082500000| Untracked 
|  38|0x0000000082600000, 0x0000000082700000, 0x0000000082700000|100%| O|  |TAMS 0x0000000082700000, 0x0000000082600000| Untracked 
|  39|0x0000000082700000, 0x0000000082800000, 0x0000000082800000|100%| O|  |TAMS 0x0000000082800000, 0x0000000082700000| Untracked 
|  40|0x0000000082800000, 0x0000000082900000, 0x0000000082900000|100%| O|  |TAMS 0x0000000082900000, 0x0000000082800000| Untracked 
|  41|0x0000000082900000, 0x0000000082a00000, 0x0000000082a00000|100%| O|  |TAMS 0x0000000082a00000, 0x0000000082900000| Untracked 
|  42|0x0000000082a00000, 0x0000000082b00000, 0x0000000082b00000|100%| O|  |TAMS 0x0000000082b00000, 0x0000000082a00000| Untracked 
|  43|0x0000000082b00000, 0x0000000082c00000, 0x0000000082c00000|100%| O|  |TAMS 0x0000000082c00000, 0x0000000082b00000| Untracked 
|  44|0x0000000082c00000, 0x0000000082d00000, 0x0000000082d00000|100%| O|  |TAMS 0x0000000082d00000, 0x0000000082c00000| Untracked 
|  45|0x0000000082d00000, 0x0000000082e00000, 0x0000000082e00000|100%| O|  |TAMS 0x0000000082e00000, 0x0000000082d00000| Untracked 
|  46|0x0000000082e00000, 0x0000000082f00000, 0x0000000082f00000|100%| O|  |TAMS 0x0000000082f00000, 0x0000000082e00000| Untracked 
|  47|0x0000000082f00000, 0x0000000083000000, 0x0000000083000000|100%| O|  |TAMS 0x0000000083000000, 0x0000000082f00000| Untracked 
|  48|0x0000000083000000, 0x0000000083100000, 0x0000000083100000|100%| O|  |TAMS 0x0000000083100000, 0x0000000083000000| Untracked 
|  49|0x0000000083100000, 0x0000000083200000, 0x0000000083200000|100%| O|  |TAMS 0x0000000083200000, 0x0000000083100000| Untracked 
|  50|0x0000000083200000, 0x0000000083300000, 0x0000000083300000|100%| O|  |TAMS 0x0000000083300000, 0x0000000083200000| Untracked 
|  51|0x0000000083300000, 0x0000000083400000, 0x0000000083400000|100%| O|  |TAMS 0x0000000083400000, 0x0000000083300000| Untracked 
|  52|0x0000000083400000, 0x0000000083500000, 0x0000000083500000|100%| O|  |TAMS 0x0000000083500000, 0x0000000083400000| Untracked 
|  53|0x0000000083500000, 0x0000000083600000, 0x0000000083600000|100%| O|  |TAMS 0x0000000083600000, 0x0000000083500000| Untracked 
|  54|0x0000000083600000, 0x0000000083700000, 0x0000000083700000|100%| O|  |TAMS 0x0000000083700000, 0x0000000083600000| Untracked 
|  55|0x0000000083700000, 0x0000000083800000, 0x0000000083800000|100%| O|  |TAMS 0x0000000083800000, 0x0000000083700000| Untracked 
|  56|0x0000000083800000, 0x0000000083900000, 0x0000000083900000|100%| O|  |TAMS 0x0000000083900000, 0x0000000083800000| Untracked 
|  57|0x0000000083900000, 0x0000000083a00000, 0x0000000083a00000|100%| O|  |TAMS 0x0000000083a00000, 0x0000000083900000| Untracked 
|  58|0x0000000083a00000, 0x0000000083b00000, 0x0000000083b00000|100%| O|  |TAMS 0x0000000083b00000, 0x0000000083a00000| Untracked 
|  59|0x0000000083b00000, 0x0000000083c00000, 0x0000000083c00000|100%| O|  |TAMS 0x0000000083c00000, 0x0000000083b00000| Untracked 
|  60|0x0000000083c00000, 0x0000000083c00000, 0x0000000083d00000|  0%| F|  |TAMS 0x0000000083c00000, 0x0000000083c00000| Untracked 
|  61|0x0000000083d00000, 0x0000000083d00000, 0x0000000083e00000|  0%| F|  |TAMS 0x0000000083d00000, 0x0000000083d00000| Untracked 
|  62|0x0000000083e00000, 0x0000000083e00000, 0x0000000083f00000|  0%| F|  |TAMS 0x0000000083e00000, 0x0000000083e00000| Untracked 
|  63|0x0000000083f00000, 0x0000000084000000, 0x0000000084000000|100%| O|  |TAMS 0x0000000083f00000, 0x0000000083f00000| Untracked 
|  64|0x0000000084000000, 0x0000000084100000, 0x0000000084100000|100%| O|  |TAMS 0x0000000084100000, 0x0000000084000000| Untracked 
|  65|0x0000000084100000, 0x0000000084200000, 0x0000000084200000|100%| O|  |TAMS 0x0000000084200000, 0x0000000084100000| Untracked 
|  66|0x0000000084200000, 0x0000000084300000, 0x0000000084300000|100%| O|  |TAMS 0x0000000084300000, 0x0000000084200000| Untracked 
|  67|0x0000000084300000, 0x0000000084400000, 0x0000000084400000|100%| O|  |TAMS 0x0000000084400000, 0x0000000084300000| Untracked 
|  68|0x0000000084400000, 0x0000000084500000, 0x0000000084500000|100%| O|  |TAMS 0x0000000084500000, 0x0000000084400000| Untracked 
|  69|0x0000000084500000, 0x0000000084600000, 0x0000000084600000|100%| O|  |TAMS 0x0000000084600000, 0x0000000084500000| Untracked 
|  70|0x0000000084600000, 0x0000000084700000, 0x0000000084700000|100%| O|  |TAMS 0x0000000084700000, 0x0000000084600000| Untracked 
|  71|0x0000000084700000, 0x0000000084800000, 0x0000000084800000|100%| O|  |TAMS 0x0000000084800000, 0x0000000084700000| Untracked 
|  72|0x0000000084800000, 0x0000000084900000, 0x0000000084900000|100%| O|  |TAMS 0x0000000084900000, 0x0000000084800000| Untracked 
|  73|0x0000000084900000, 0x0000000084a00000, 0x0000000084a00000|100%| O|  |TAMS 0x0000000084a00000, 0x0000000084900000| Untracked 
|  74|0x0000000084a00000, 0x0000000084b00000, 0x0000000084b00000|100%| O|  |TAMS 0x0000000084b00000, 0x0000000084a00000| Untracked 
|  75|0x0000000084b00000, 0x0000000084c00000, 0x0000000084c00000|100%| O|  |TAMS 0x0000000084c00000, 0x0000000084b00000| Untracked 
|  76|0x0000000084c00000, 0x0000000084d00000, 0x0000000084d00000|100%| O|  |TAMS 0x0000000084d00000, 0x0000000084c00000| Untracked 
|  77|0x0000000084d00000, 0x0000000084e00000, 0x0000000084e00000|100%| O|  |TAMS 0x0000000084e00000, 0x0000000084d00000| Untracked 
|  78|0x0000000084e00000, 0x0000000084f00000, 0x0000000084f00000|100%| O|  |TAMS 0x0000000084f00000, 0x0000000084e00000| Untracked 
|  79|0x0000000084f00000, 0x0000000085000000, 0x0000000085000000|100%| O|  |TAMS 0x0000000085000000, 0x0000000084f00000| Untracked 
|  80|0x0000000085000000, 0x0000000085100000, 0x0000000085100000|100%| O|  |TAMS 0x0000000085100000, 0x0000000085000000| Untracked 
|  81|0x0000000085100000, 0x0000000085200000, 0x0000000085200000|100%| O|  |TAMS 0x0000000085200000, 0x0000000085100000| Untracked 
|  82|0x0000000085200000, 0x0000000085300000, 0x0000000085300000|100%| O|  |TAMS 0x0000000085300000, 0x0000000085200000| Untracked 
|  83|0x0000000085300000, 0x0000000085400000, 0x0000000085400000|100%| O|  |TAMS 0x0000000085400000, 0x0000000085300000| Untracked 
|  84|0x0000000085400000, 0x0000000085500000, 0x0000000085500000|100%| O|  |TAMS 0x0000000085500000, 0x0000000085400000| Untracked 
|  85|0x0000000085500000, 0x0000000085600000, 0x0000000085600000|100%| O|  |TAMS 0x0000000085600000, 0x0000000085500000| Untracked 
|  86|0x0000000085600000, 0x0000000085700000, 0x0000000085700000|100%| O|  |TAMS 0x0000000085700000, 0x0000000085600000| Untracked 
|  87|0x0000000085700000, 0x0000000085800000, 0x0000000085800000|100%| O|  |TAMS 0x00000000857baa00, 0x0000000085700000| Untracked 
|  88|0x0000000085800000, 0x0000000085900000, 0x0000000085900000|100%| O|  |TAMS 0x0000000085800000, 0x0000000085800000| Untracked 
|  89|0x0000000085900000, 0x000000008597fe00, 0x0000000085a00000| 49%| O|  |TAMS 0x0000000085900000, 0x0000000085900000| Untracked 
|  90|0x0000000085a00000, 0x0000000085a00000, 0x0000000085b00000|  0%| F|  |TAMS 0x0000000085a00000, 0x0000000085a00000| Untracked 
|  91|0x0000000085b00000, 0x0000000085b00000, 0x0000000085c00000|  0%| F|  |TAMS 0x0000000085b00000, 0x0000000085b00000| Untracked 
|  92|0x0000000085c00000, 0x0000000085c00000, 0x0000000085d00000|  0%| F|  |TAMS 0x0000000085c00000, 0x0000000085c00000| Untracked 
|  93|0x0000000085d00000, 0x0000000085d00000, 0x0000000085e00000|  0%| F|  |TAMS 0x0000000085d00000, 0x0000000085d00000| Untracked 
|  94|0x0000000085e00000, 0x0000000085e00000, 0x0000000085f00000|  0%| F|  |TAMS 0x0000000085e00000, 0x0000000085e00000| Untracked 
|  95|0x0000000085f00000, 0x0000000085f00000, 0x0000000086000000|  0%| F|  |TAMS 0x0000000085f00000, 0x0000000085f00000| Untracked 
|  96|0x0000000086000000, 0x0000000086000000, 0x0000000086100000|  0%| F|  |TAMS 0x0000000086000000, 0x0000000086000000| Untracked 
|  97|0x0000000086100000, 0x0000000086100000, 0x0000000086200000|  0%| F|  |TAMS 0x0000000086100000, 0x0000000086100000| Untracked 
|  98|0x0000000086200000, 0x0000000086200000, 0x0000000086300000|  0%| F|  |TAMS 0x0000000086200000, 0x0000000086200000| Untracked 
|  99|0x0000000086300000, 0x0000000086300000, 0x0000000086400000|  0%| F|  |TAMS 0x0000000086300000, 0x0000000086300000| Untracked 
| 100|0x0000000086400000, 0x0000000086400000, 0x0000000086500000|  0%| F|  |TAMS 0x0000000086400000, 0x0000000086400000| Untracked 
| 101|0x0000000086500000, 0x0000000086500000, 0x0000000086600000|  0%| F|  |TAMS 0x0000000086500000, 0x0000000086500000| Untracked 
| 102|0x0000000086600000, 0x0000000086600000, 0x0000000086700000|  0%| F|  |TAMS 0x0000000086600000, 0x0000000086600000| Untracked 
| 103|0x0000000086700000, 0x0000000086700000, 0x0000000086800000|  0%| F|  |TAMS 0x0000000086700000, 0x0000000086700000| Untracked 
| 104|0x0000000086800000, 0x0000000086800000, 0x0000000086900000|  0%| F|  |TAMS 0x0000000086800000, 0x0000000086800000| Untracked 
| 105|0x0000000086900000, 0x0000000086900000, 0x0000000086a00000|  0%| F|  |TAMS 0x0000000086900000, 0x0000000086900000| Untracked 
| 106|0x0000000086a00000, 0x0000000086a00000, 0x0000000086b00000|  0%| F|  |TAMS 0x0000000086a00000, 0x0000000086a00000| Untracked 
| 107|0x0000000086b00000, 0x0000000086b00000, 0x0000000086c00000|  0%| F|  |TAMS 0x0000000086b00000, 0x0000000086b00000| Untracked 
| 108|0x0000000086c00000, 0x0000000086c00000, 0x0000000086d00000|  0%| F|  |TAMS 0x0000000086c00000, 0x0000000086c00000| Untracked 
| 109|0x0000000086d00000, 0x0000000086d00000, 0x0000000086e00000|  0%| F|  |TAMS 0x0000000086d00000, 0x0000000086d00000| Untracked 
| 110|0x0000000086e00000, 0x0000000086e00000, 0x0000000086f00000|  0%| F|  |TAMS 0x0000000086e00000, 0x0000000086e00000| Untracked 
| 111|0x0000000086f00000, 0x0000000086f00000, 0x0000000087000000|  0%| F|  |TAMS 0x0000000086f00000, 0x0000000086f00000| Untracked 
| 112|0x0000000087000000, 0x0000000087000000, 0x0000000087100000|  0%| F|  |TAMS 0x0000000087000000, 0x0000000087000000| Untracked 
| 113|0x0000000087100000, 0x0000000087100000, 0x0000000087200000|  0%| F|  |TAMS 0x0000000087100000, 0x0000000087100000| Untracked 
| 114|0x0000000087200000, 0x0000000087200000, 0x0000000087300000|  0%| F|  |TAMS 0x0000000087200000, 0x0000000087200000| Untracked 
| 115|0x0000000087300000, 0x0000000087300000, 0x0000000087400000|  0%| F|  |TAMS 0x0000000087300000, 0x0000000087300000| Untracked 
| 116|0x0000000087400000, 0x0000000087400000, 0x0000000087500000|  0%| F|  |TAMS 0x0000000087400000, 0x0000000087400000| Untracked 
| 117|0x0000000087500000, 0x0000000087500000, 0x0000000087600000|  0%| F|  |TAMS 0x0000000087500000, 0x0000000087500000| Untracked 
| 118|0x0000000087600000, 0x0000000087600000, 0x0000000087700000|  0%| F|  |TAMS 0x0000000087600000, 0x0000000087600000| Untracked 
| 119|0x0000000087700000, 0x0000000087700000, 0x0000000087800000|  0%| F|  |TAMS 0x0000000087700000, 0x0000000087700000| Untracked 
| 120|0x0000000087800000, 0x0000000087800000, 0x0000000087900000|  0%| F|  |TAMS 0x0000000087800000, 0x0000000087800000| Untracked 
| 121|0x0000000087900000, 0x0000000087900000, 0x0000000087a00000|  0%| F|  |TAMS 0x0000000087900000, 0x0000000087900000| Untracked 
| 122|0x0000000087a00000, 0x0000000087a00000, 0x0000000087b00000|  0%| F|  |TAMS 0x0000000087a00000, 0x0000000087a00000| Untracked 
| 123|0x0000000087b00000, 0x0000000087b00000, 0x0000000087c00000|  0%| F|  |TAMS 0x0000000087b00000, 0x0000000087b00000| Untracked 
| 124|0x0000000087c00000, 0x0000000087c00000, 0x0000000087d00000|  0%| F|  |TAMS 0x0000000087c00000, 0x0000000087c00000| Untracked 
| 125|0x0000000087d00000, 0x0000000087d00000, 0x0000000087e00000|  0%| F|  |TAMS 0x0000000087d00000, 0x0000000087d00000| Untracked 
| 126|0x0000000087e00000, 0x0000000087e00000, 0x0000000087f00000|  0%| F|  |TAMS 0x0000000087e00000, 0x0000000087e00000| Untracked 
| 127|0x0000000087f00000, 0x0000000087f00000, 0x0000000088000000|  0%| F|  |TAMS 0x0000000087f00000, 0x0000000087f00000| Untracked 
| 128|0x0000000088000000, 0x0000000088000000, 0x0000000088100000|  0%| F|  |TAMS 0x0000000088000000, 0x0000000088000000| Untracked 
| 129|0x0000000088100000, 0x0000000088113e18, 0x0000000088200000|  7%| S|CS|TAMS 0x0000000088100000, 0x0000000088100000| Complete 
| 130|0x0000000088200000, 0x0000000088200000, 0x0000000088300000|  0%| F|  |TAMS 0x0000000088200000, 0x0000000088200000| Untracked 
| 131|0x0000000088300000, 0x0000000088400000, 0x0000000088400000|100%| S|CS|TAMS 0x0000000088300000, 0x0000000088300000| Complete 
| 132|0x0000000088400000, 0x0000000088500000, 0x0000000088500000|100%| S|CS|TAMS 0x0000000088400000, 0x0000000088400000| Complete 
| 133|0x0000000088500000, 0x0000000088600000, 0x0000000088600000|100%| S|CS|TAMS 0x0000000088500000, 0x0000000088500000| Complete 
| 134|0x0000000088600000, 0x0000000088700000, 0x0000000088700000|100%| S|CS|TAMS 0x0000000088600000, 0x0000000088600000| Complete 
| 135|0x0000000088700000, 0x0000000088800000, 0x0000000088800000|100%| S|CS|TAMS 0x0000000088700000, 0x0000000088700000| Complete 
| 136|0x0000000088800000, 0x0000000088800000, 0x0000000088900000|  0%| F|  |TAMS 0x0000000088800000, 0x0000000088800000| Untracked 
| 137|0x0000000088900000, 0x0000000088900000, 0x0000000088a00000|  0%| F|  |TAMS 0x0000000088900000, 0x0000000088900000| Untracked 
| 138|0x0000000088a00000, 0x0000000088a00000, 0x0000000088b00000|  0%| F|  |TAMS 0x0000000088a00000, 0x0000000088a00000| Untracked 
| 139|0x0000000088b00000, 0x0000000088b00000, 0x0000000088c00000|  0%| F|  |TAMS 0x0000000088b00000, 0x0000000088b00000| Untracked 
| 140|0x0000000088c00000, 0x0000000088c00000, 0x0000000088d00000|  0%| F|  |TAMS 0x0000000088c00000, 0x0000000088c00000| Untracked 
| 141|0x0000000088d00000, 0x0000000088d00000, 0x0000000088e00000|  0%| F|  |TAMS 0x0000000088d00000, 0x0000000088d00000| Untracked 
| 142|0x0000000088e00000, 0x0000000088e00000, 0x0000000088f00000|  0%| F|  |TAMS 0x0000000088e00000, 0x0000000088e00000| Untracked 
| 143|0x0000000088f00000, 0x0000000088f00000, 0x0000000089000000|  0%| F|  |TAMS 0x0000000088f00000, 0x0000000088f00000| Untracked 
| 144|0x0000000089000000, 0x0000000089000000, 0x0000000089100000|  0%| F|  |TAMS 0x0000000089000000, 0x0000000089000000| Untracked 
| 145|0x0000000089100000, 0x0000000089100000, 0x0000000089200000|  0%| F|  |TAMS 0x0000000089100000, 0x0000000089100000| Untracked 
| 146|0x0000000089200000, 0x0000000089200000, 0x0000000089300000|  0%| F|  |TAMS 0x0000000089200000, 0x0000000089200000| Untracked 
| 147|0x0000000089300000, 0x0000000089300000, 0x0000000089400000|  0%| F|  |TAMS 0x0000000089300000, 0x0000000089300000| Untracked 
| 148|0x0000000089400000, 0x0000000089400000, 0x0000000089500000|  0%| F|  |TAMS 0x0000000089400000, 0x0000000089400000| Untracked 
| 149|0x0000000089500000, 0x0000000089500000, 0x0000000089600000|  0%| F|  |TAMS 0x0000000089500000, 0x0000000089500000| Untracked 
| 150|0x0000000089600000, 0x0000000089600000, 0x0000000089700000|  0%| F|  |TAMS 0x0000000089600000, 0x0000000089600000| Untracked 
| 151|0x0000000089700000, 0x0000000089700000, 0x0000000089800000|  0%| F|  |TAMS 0x0000000089700000, 0x0000000089700000| Untracked 
| 152|0x0000000089800000, 0x0000000089800000, 0x0000000089900000|  0%| F|  |TAMS 0x0000000089800000, 0x0000000089800000| Untracked 
| 153|0x0000000089900000, 0x0000000089900000, 0x0000000089a00000|  0%| F|  |TAMS 0x0000000089900000, 0x0000000089900000| Untracked 
| 154|0x0000000089a00000, 0x0000000089a00000, 0x0000000089b00000|  0%| F|  |TAMS 0x0000000089a00000, 0x0000000089a00000| Untracked 
| 155|0x0000000089b00000, 0x0000000089b00000, 0x0000000089c00000|  0%| F|  |TAMS 0x0000000089b00000, 0x0000000089b00000| Untracked 
| 156|0x0000000089c00000, 0x0000000089c00000, 0x0000000089d00000|  0%| F|  |TAMS 0x0000000089c00000, 0x0000000089c00000| Untracked 
| 157|0x0000000089d00000, 0x0000000089d00000, 0x0000000089e00000|  0%| F|  |TAMS 0x0000000089d00000, 0x0000000089d00000| Untracked 
| 158|0x0000000089e00000, 0x0000000089e00000, 0x0000000089f00000|  0%| F|  |TAMS 0x0000000089e00000, 0x0000000089e00000| Untracked 
| 159|0x0000000089f00000, 0x0000000089f00000, 0x000000008a000000|  0%| F|  |TAMS 0x0000000089f00000, 0x0000000089f00000| Untracked 
| 160|0x000000008a000000, 0x000000008a000000, 0x000000008a100000|  0%| F|  |TAMS 0x000000008a000000, 0x000000008a000000| Untracked 
| 161|0x000000008a100000, 0x000000008a100000, 0x000000008a200000|  0%| F|  |TAMS 0x000000008a100000, 0x000000008a100000| Untracked 
| 162|0x000000008a200000, 0x000000008a200000, 0x000000008a300000|  0%| F|  |TAMS 0x000000008a200000, 0x000000008a200000| Untracked 
| 163|0x000000008a300000, 0x000000008a300000, 0x000000008a400000|  0%| F|  |TAMS 0x000000008a300000, 0x000000008a300000| Untracked 
| 164|0x000000008a400000, 0x000000008a400000, 0x000000008a500000|  0%| F|  |TAMS 0x000000008a400000, 0x000000008a400000| Untracked 
| 165|0x000000008a500000, 0x000000008a500000, 0x000000008a600000|  0%| F|  |TAMS 0x000000008a500000, 0x000000008a500000| Untracked 
| 166|0x000000008a600000, 0x000000008a600000, 0x000000008a700000|  0%| F|  |TAMS 0x000000008a600000, 0x000000008a600000| Untracked 
| 167|0x000000008a700000, 0x000000008a700000, 0x000000008a800000|  0%| F|  |TAMS 0x000000008a700000, 0x000000008a700000| Untracked 
| 168|0x000000008a800000, 0x000000008a800000, 0x000000008a900000|  0%| F|  |TAMS 0x000000008a800000, 0x000000008a800000| Untracked 
| 169|0x000000008a900000, 0x000000008a900000, 0x000000008aa00000|  0%| F|  |TAMS 0x000000008a900000, 0x000000008a900000| Untracked 
| 170|0x000000008aa00000, 0x000000008aa00000, 0x000000008ab00000|  0%| F|  |TAMS 0x000000008aa00000, 0x000000008aa00000| Untracked 
| 171|0x000000008ab00000, 0x000000008ab00000, 0x000000008ac00000|  0%| F|  |TAMS 0x000000008ab00000, 0x000000008ab00000| Untracked 
| 172|0x000000008ac00000, 0x000000008ac00000, 0x000000008ad00000|  0%| F|  |TAMS 0x000000008ac00000, 0x000000008ac00000| Untracked 
| 173|0x000000008ad00000, 0x000000008ad00000, 0x000000008ae00000|  0%| F|  |TAMS 0x000000008ad00000, 0x000000008ad00000| Untracked 
| 174|0x000000008ae00000, 0x000000008ae00000, 0x000000008af00000|  0%| F|  |TAMS 0x000000008ae00000, 0x000000008ae00000| Untracked 
| 175|0x000000008af00000, 0x000000008af00000, 0x000000008b000000|  0%| F|  |TAMS 0x000000008af00000, 0x000000008af00000| Untracked 
| 176|0x000000008b000000, 0x000000008b000000, 0x000000008b100000|  0%| F|  |TAMS 0x000000008b000000, 0x000000008b000000| Untracked 
| 177|0x000000008b100000, 0x000000008b100000, 0x000000008b200000|  0%| F|  |TAMS 0x000000008b100000, 0x000000008b100000| Untracked 
| 178|0x000000008b200000, 0x000000008b200000, 0x000000008b300000|  0%| F|  |TAMS 0x000000008b200000, 0x000000008b200000| Untracked 
| 179|0x000000008b300000, 0x000000008b300000, 0x000000008b400000|  0%| F|  |TAMS 0x000000008b300000, 0x000000008b300000| Untracked 
| 180|0x000000008b400000, 0x000000008b400000, 0x000000008b500000|  0%| F|  |TAMS 0x000000008b400000, 0x000000008b400000| Untracked 
| 181|0x000000008b500000, 0x000000008b500000, 0x000000008b600000|  0%| F|  |TAMS 0x000000008b500000, 0x000000008b500000| Untracked 
| 182|0x000000008b600000, 0x000000008b600000, 0x000000008b700000|  0%| F|  |TAMS 0x000000008b600000, 0x000000008b600000| Untracked 
| 183|0x000000008b700000, 0x000000008b700000, 0x000000008b800000|  0%| F|  |TAMS 0x000000008b700000, 0x000000008b700000| Untracked 
| 184|0x000000008b800000, 0x000000008b800000, 0x000000008b900000|  0%| F|  |TAMS 0x000000008b800000, 0x000000008b800000| Untracked 
| 185|0x000000008b900000, 0x000000008b900000, 0x000000008ba00000|  0%| F|  |TAMS 0x000000008b900000, 0x000000008b900000| Untracked 
| 186|0x000000008ba00000, 0x000000008ba00000, 0x000000008bb00000|  0%| F|  |TAMS 0x000000008ba00000, 0x000000008ba00000| Untracked 
| 187|0x000000008bb00000, 0x000000008bb00000, 0x000000008bc00000|  0%| F|  |TAMS 0x000000008bb00000, 0x000000008bb00000| Untracked 
| 188|0x000000008bc00000, 0x000000008bc00000, 0x000000008bd00000|  0%| F|  |TAMS 0x000000008bc00000, 0x000000008bc00000| Untracked 
| 189|0x000000008bd00000, 0x000000008bd00000, 0x000000008be00000|  0%| F|  |TAMS 0x000000008bd00000, 0x000000008bd00000| Untracked 
| 190|0x000000008be00000, 0x000000008be00000, 0x000000008bf00000|  0%| F|  |TAMS 0x000000008be00000, 0x000000008be00000| Untracked 
| 191|0x000000008bf00000, 0x000000008bf00000, 0x000000008c000000|  0%| F|  |TAMS 0x000000008bf00000, 0x000000008bf00000| Untracked 
| 192|0x000000008c000000, 0x000000008c000000, 0x000000008c100000|  0%| F|  |TAMS 0x000000008c000000, 0x000000008c000000| Untracked 
| 193|0x000000008c100000, 0x000000008c100000, 0x000000008c200000|  0%| F|  |TAMS 0x000000008c100000, 0x000000008c100000| Untracked 
| 194|0x000000008c200000, 0x000000008c200000, 0x000000008c300000|  0%| F|  |TAMS 0x000000008c200000, 0x000000008c200000| Untracked 
| 195|0x000000008c300000, 0x000000008c300000, 0x000000008c400000|  0%| F|  |TAMS 0x000000008c300000, 0x000000008c300000| Untracked 
| 196|0x000000008c400000, 0x000000008c400000, 0x000000008c500000|  0%| F|  |TAMS 0x000000008c400000, 0x000000008c400000| Untracked 
| 197|0x000000008c500000, 0x000000008c500000, 0x000000008c600000|  0%| F|  |TAMS 0x000000008c500000, 0x000000008c500000| Untracked 
| 198|0x000000008c600000, 0x000000008c600000, 0x000000008c700000|  0%| F|  |TAMS 0x000000008c600000, 0x000000008c600000| Untracked 
| 199|0x000000008c700000, 0x000000008c700000, 0x000000008c800000|  0%| F|  |TAMS 0x000000008c700000, 0x000000008c700000| Untracked 
| 200|0x000000008c800000, 0x000000008c800000, 0x000000008c900000|  0%| F|  |TAMS 0x000000008c800000, 0x000000008c800000| Untracked 
| 201|0x000000008c900000, 0x000000008c900000, 0x000000008ca00000|  0%| F|  |TAMS 0x000000008c900000, 0x000000008c900000| Untracked 
| 202|0x000000008ca00000, 0x000000008ca00000, 0x000000008cb00000|  0%| F|  |TAMS 0x000000008ca00000, 0x000000008ca00000| Untracked 
| 203|0x000000008cb00000, 0x000000008cb00000, 0x000000008cc00000|  0%| F|  |TAMS 0x000000008cb00000, 0x000000008cb00000| Untracked 
| 204|0x000000008cc00000, 0x000000008cc00000, 0x000000008cd00000|  0%| F|  |TAMS 0x000000008cc00000, 0x000000008cc00000| Untracked 
| 205|0x000000008cd00000, 0x000000008cd00000, 0x000000008ce00000|  0%| F|  |TAMS 0x000000008cd00000, 0x000000008cd00000| Untracked 
| 206|0x000000008ce00000, 0x000000008ce00000, 0x000000008cf00000|  0%| F|  |TAMS 0x000000008ce00000, 0x000000008ce00000| Untracked 
| 207|0x000000008cf00000, 0x000000008cf00000, 0x000000008d000000|  0%| F|  |TAMS 0x000000008cf00000, 0x000000008cf00000| Untracked 
| 208|0x000000008d000000, 0x000000008d000000, 0x000000008d100000|  0%| F|  |TAMS 0x000000008d000000, 0x000000008d000000| Untracked 
| 209|0x000000008d100000, 0x000000008d100000, 0x000000008d200000|  0%| F|  |TAMS 0x000000008d100000, 0x000000008d100000| Untracked 
| 210|0x000000008d200000, 0x000000008d200000, 0x000000008d300000|  0%| F|  |TAMS 0x000000008d200000, 0x000000008d200000| Untracked 
| 211|0x000000008d300000, 0x000000008d300000, 0x000000008d400000|  0%| F|  |TAMS 0x000000008d300000, 0x000000008d300000| Untracked 
| 212|0x000000008d400000, 0x000000008d400000, 0x000000008d500000|  0%| F|  |TAMS 0x000000008d400000, 0x000000008d400000| Untracked 
| 213|0x000000008d500000, 0x000000008d500000, 0x000000008d600000|  0%| F|  |TAMS 0x000000008d500000, 0x000000008d500000| Untracked 
| 214|0x000000008d600000, 0x000000008d600000, 0x000000008d700000|  0%| F|  |TAMS 0x000000008d600000, 0x000000008d600000| Untracked 
| 215|0x000000008d700000, 0x000000008d700000, 0x000000008d800000|  0%| F|  |TAMS 0x000000008d700000, 0x000000008d700000| Untracked 
| 216|0x000000008d800000, 0x000000008d800000, 0x000000008d900000|  0%| F|  |TAMS 0x000000008d800000, 0x000000008d800000| Untracked 
| 217|0x000000008d900000, 0x000000008d900000, 0x000000008da00000|  0%| F|  |TAMS 0x000000008d900000, 0x000000008d900000| Untracked 
| 218|0x000000008da00000, 0x000000008da00000, 0x000000008db00000|  0%| F|  |TAMS 0x000000008da00000, 0x000000008da00000| Untracked 
| 219|0x000000008db00000, 0x000000008db00000, 0x000000008dc00000|  0%| F|  |TAMS 0x000000008db00000, 0x000000008db00000| Untracked 
| 220|0x000000008dc00000, 0x000000008dc00000, 0x000000008dd00000|  0%| F|  |TAMS 0x000000008dc00000, 0x000000008dc00000| Untracked 
| 221|0x000000008dd00000, 0x000000008dd00000, 0x000000008de00000|  0%| F|  |TAMS 0x000000008dd00000, 0x000000008dd00000| Untracked 
| 222|0x000000008de00000, 0x000000008de00000, 0x000000008df00000|  0%| F|  |TAMS 0x000000008de00000, 0x000000008de00000| Untracked 
| 223|0x000000008df00000, 0x000000008df00000, 0x000000008e000000|  0%| F|  |TAMS 0x000000008df00000, 0x000000008df00000| Untracked 
| 224|0x000000008e000000, 0x000000008e000000, 0x000000008e100000|  0%| F|  |TAMS 0x000000008e000000, 0x000000008e000000| Untracked 
| 225|0x000000008e100000, 0x000000008e100000, 0x000000008e200000|  0%| F|  |TAMS 0x000000008e100000, 0x000000008e100000| Untracked 
| 226|0x000000008e200000, 0x000000008e200000, 0x000000008e300000|  0%| F|  |TAMS 0x000000008e200000, 0x000000008e200000| Untracked 
| 227|0x000000008e300000, 0x000000008e300000, 0x000000008e400000|  0%| F|  |TAMS 0x000000008e300000, 0x000000008e300000| Untracked 
| 228|0x000000008e400000, 0x000000008e400000, 0x000000008e500000|  0%| F|  |TAMS 0x000000008e400000, 0x000000008e400000| Untracked 
| 229|0x000000008e500000, 0x000000008e500000, 0x000000008e600000|  0%| F|  |TAMS 0x000000008e500000, 0x000000008e500000| Untracked 
| 230|0x000000008e600000, 0x000000008e600000, 0x000000008e700000|  0%| F|  |TAMS 0x000000008e600000, 0x000000008e600000| Untracked 
| 231|0x000000008e700000, 0x000000008e700000, 0x000000008e800000|  0%| F|  |TAMS 0x000000008e700000, 0x000000008e700000| Untracked 
| 232|0x000000008e800000, 0x000000008e800000, 0x000000008e900000|  0%| F|  |TAMS 0x000000008e800000, 0x000000008e800000| Untracked 
| 233|0x000000008e900000, 0x000000008e900000, 0x000000008ea00000|  0%| F|  |TAMS 0x000000008e900000, 0x000000008e900000| Untracked 
| 234|0x000000008ea00000, 0x000000008ea00000, 0x000000008eb00000|  0%| F|  |TAMS 0x000000008ea00000, 0x000000008ea00000| Untracked 
| 235|0x000000008eb00000, 0x000000008eb00000, 0x000000008ec00000|  0%| F|  |TAMS 0x000000008eb00000, 0x000000008eb00000| Untracked 
| 236|0x000000008ec00000, 0x000000008ec00000, 0x000000008ed00000|  0%| F|  |TAMS 0x000000008ec00000, 0x000000008ec00000| Untracked 
| 237|0x000000008ed00000, 0x000000008ed00000, 0x000000008ee00000|  0%| F|  |TAMS 0x000000008ed00000, 0x000000008ed00000| Untracked 
| 238|0x000000008ee00000, 0x000000008ee00000, 0x000000008ef00000|  0%| F|  |TAMS 0x000000008ee00000, 0x000000008ee00000| Untracked 
| 239|0x000000008ef00000, 0x000000008ef00000, 0x000000008f000000|  0%| F|  |TAMS 0x000000008ef00000, 0x000000008ef00000| Untracked 
| 240|0x000000008f000000, 0x000000008f000000, 0x000000008f100000|  0%| F|  |TAMS 0x000000008f000000, 0x000000008f000000| Untracked 
| 241|0x000000008f100000, 0x000000008f100000, 0x000000008f200000|  0%| F|  |TAMS 0x000000008f100000, 0x000000008f100000| Untracked 
| 242|0x000000008f200000, 0x000000008f200000, 0x000000008f300000|  0%| F|  |TAMS 0x000000008f200000, 0x000000008f200000| Untracked 
| 243|0x000000008f300000, 0x000000008f300000, 0x000000008f400000|  0%| F|  |TAMS 0x000000008f300000, 0x000000008f300000| Untracked 
| 244|0x000000008f400000, 0x000000008f400000, 0x000000008f500000|  0%| F|  |TAMS 0x000000008f400000, 0x000000008f400000| Untracked 
| 245|0x000000008f500000, 0x000000008f500000, 0x000000008f600000|  0%| F|  |TAMS 0x000000008f500000, 0x000000008f500000| Untracked 
| 246|0x000000008f600000, 0x000000008f600000, 0x000000008f700000|  0%| F|  |TAMS 0x000000008f600000, 0x000000008f600000| Untracked 
| 247|0x000000008f700000, 0x000000008f700000, 0x000000008f800000|  0%| F|  |TAMS 0x000000008f700000, 0x000000008f700000| Untracked 
| 248|0x000000008f800000, 0x000000008f800000, 0x000000008f900000|  0%| F|  |TAMS 0x000000008f800000, 0x000000008f800000| Untracked 
| 249|0x000000008f900000, 0x000000008f900000, 0x000000008fa00000|  0%| F|  |TAMS 0x000000008f900000, 0x000000008f900000| Untracked 
| 250|0x000000008fa00000, 0x000000008fa00000, 0x000000008fb00000|  0%| F|  |TAMS 0x000000008fa00000, 0x000000008fa00000| Untracked 
| 251|0x000000008fb00000, 0x000000008fbd33b8, 0x000000008fc00000| 82%| E|  |TAMS 0x000000008fb00000, 0x000000008fb00000| Complete 
| 252|0x000000008fc00000, 0x000000008fd00000, 0x000000008fd00000|100%| E|CS|TAMS 0x000000008fc00000, 0x000000008fc00000| Complete 
| 253|0x000000008fd00000, 0x000000008fe00000, 0x000000008fe00000|100%| E|CS|TAMS 0x000000008fd00000, 0x000000008fd00000| Complete 

Card table byte_map: [0x000002707cb00000,0x000002707cf00000] _byte_map_base: 0x000002707c700000

Marking Bits (Prev, Next): (CMBitMap*) 0x00000270693c60c0, (CMBitMap*) 0x00000270693c6088
 Prev Bits: [0x0000027000000000, 0x0000027002000000)
 Next Bits: [0x000002707d300000, 0x000002707f300000)

Polling page: 0x0000027067300000

Metaspace:

Usage:
  Non-class:    112.10 MB capacity,   109.01 MB ( 97%) used,     2.46 MB (  2%) free+waste,   635.81 KB ( <1%) overhead. 
      Class:     18.51 MB capacity,    16.36 MB ( 88%) used,     1.84 MB ( 10%) free+waste,   320.31 KB (  2%) overhead. 
       Both:    130.61 MB capacity,   125.37 MB ( 96%) used,     4.30 MB (  3%) free+waste,   956.13 KB ( <1%) overhead. 

Virtual space:
  Non-class space:      114.00 MB reserved,     112.29 MB ( 98%) committed 
      Class space:        1.00 GB reserved,      18.59 MB (  2%) committed 
             Both:        1.11 GB reserved,     130.88 MB ( 12%) committed 

Chunk freelists:
   Non-Class:  3.00 KB
       Class:  0 bytes
        Both:  3.00 KB

MaxMetaspaceSize: 17179869184.00 GB
CompressedClassSpaceSize: 1.00 GB

CodeHeap 'non-profiled nmethods': size=119168Kb used=14671Kb max_used=14671Kb free=104496Kb
 bounds [0x0000027074a20000, 0x00000270758a0000, 0x000002707be80000]
CodeHeap 'profiled nmethods': size=119168Kb used=46239Kb max_used=47455Kb free=72928Kb
 bounds [0x000002706d5c0000, 0x0000027070430000, 0x0000027074a20000]
CodeHeap 'non-nmethods': size=7424Kb used=2361Kb max_used=4123Kb free=5062Kb
 bounds [0x000002706ce80000, 0x000002706d320000, 0x000002706d5c0000]
 total_blobs=21530 nmethods=20550 adapters=889
 compilation: enabled
              stopped_count=0, restarted_count=0
 full_count=0

Compilation events (20 events):
Event: 1801.725 Thread 0x0000027004cde000 22083   !   3       java.net.URI$Parser::parseServer (338 bytes)
Event: 1801.727 Thread 0x0000027004cde000 nmethod 22083 0x000002706e179f90 code [0x000002706e17a500, 0x000002706e17cc18]
Event: 1801.727 Thread 0x0000027004cde000 22088       3       java.lang.invoke.ClassSpecializer$SpeciesData::factory (14 bytes)
Event: 1801.727 Thread 0x0000027004cde000 nmethod 22088 0x000002706dee1810 code [0x000002706dee19e0, 0x000002706dee1c88]
Event: 1801.727 Thread 0x0000027004cde000 22089       3       java.lang.invoke.DelegatingMethodHandle::whichKind (40 bytes)
Event: 1801.727 Thread 0x0000027004cde000 nmethod 22089 0x000002706ddd8d90 code [0x000002706ddd8f40, 0x000002706ddd90b8]
Event: 1801.727 Thread 0x0000027004cde000 22084   !   3       java.net.URI$Parser::parseIPv4Address (67 bytes)
Event: 1801.728 Thread 0x0000027004cde000 nmethod 22084 0x000002706df53310 code [0x000002706df53560, 0x000002706df53df8]
Event: 1801.728 Thread 0x0000027004cde000 22085       3       java.net.URI$Parser::scanIPv4Address (225 bytes)
Event: 1801.728 Thread 0x0000027004cde000 nmethod 22085 0x000002706e0b2b10 code [0x000002706e0b2e60, 0x000002706e0b42b8]
Event: 1801.728 Thread 0x0000027004cde000 22087       3       sun.security.provider.SHA2::resetHashes (19 bytes)
Event: 1801.729 Thread 0x0000027004cde000 nmethod 22087 0x000002706de91790 code [0x000002706de91940, 0x000002706de91ae8]
Event: 1801.729 Thread 0x0000027004cde000 22091       1       org.gradle.internal.component.local.model.DefaultLocalComponentMetadata::getModuleVersionId (5 bytes)
Event: 1801.729 Thread 0x0000027004cde000 nmethod 22091 0x0000027074d44910 code [0x0000027074d44ac0, 0x0000027074d44b78]
Event: 1801.733 Thread 0x000002700dadc000 nmethod 22076 0x0000027074ddc890 code [0x0000027074ddcaa0, 0x0000027074ddd9e8]
Event: 1801.733 Thread 0x000002700dadc000 22081       4       org.gradle.api.internal.DefaultDomainObjectCollection$IteratorImpl::hasNext (10 bytes)
Event: 1801.733 Thread 0x000002700dadc000 nmethod 22081 0x0000027074d5fd90 code [0x0000027074d5ff20, 0x0000027074d5ffb8]
Event: 1801.734 Thread 0x000002700dadc000 22092       4       org.gradle.api.internal.artifacts.ivyservice.resolveengine.graph.builder.ComponentState::resolve (118 bytes)
Event: 1801.734 Thread 0x0000027004cde000 22093       3       org.gradle.internal.component.model.AttributeMatchingExplanationBuilder::candidateAttributeDoesNotMatch (1 bytes)
Event: 1801.734 Thread 0x0000027004cde000 nmethod 22093 0x000002706dc8b010 code [0x000002706dc8b1c0, 0x000002706dc8b2b8]

GC Heap History (20 events):
Event: 4.696 GC heap before
{Heap before GC invocations=8 (full 0):
 garbage-first heap   total 260096K, used 84933K [0x0000000080000000, 0x0000000100000000)
  region size 1024K, 58 young (59392K), 18 survivors (18432K)
 Metaspace       used 58343K, capacity 59773K, committed 59940K, reserved 1101824K
  class space    used 7321K, capacity 7869K, committed 7936K, reserved 1048576K
}
Event: 4.710 GC heap after
{Heap after GC invocations=9 (full 0):
 garbage-first heap   total 260096K, used 47922K [0x0000000080000000, 0x0000000100000000)
  region size 1024K, 4 young (4096K), 4 survivors (4096K)
 Metaspace       used 58343K, capacity 59773K, committed 59940K, reserved 1101824K
  class space    used 7321K, capacity 7869K, committed 7936K, reserved 1048576K
}
Event: 6.031 GC heap before
{Heap before GC invocations=10 (full 0):
 garbage-first heap   total 260096K, used 185138K [0x0000000080000000, 0x0000000100000000)
  region size 1024K, 138 young (141312K), 4 survivors (4096K)
 Metaspace       used 69951K, capacity 71584K, committed 71844K, reserved 1112064K
  class space    used 8965K, capacity 9576K, committed 9600K, reserved 1048576K
}
Event: 6.036 GC heap after
{Heap after GC invocations=11 (full 0):
 garbage-first heap   total 260096K, used 56054K [0x0000000080000000, 0x0000000100000000)
  region size 1024K, 12 young (12288K), 12 survivors (12288K)
 Metaspace       used 69951K, capacity 71584K, committed 71844K, reserved 1112064K
  class space    used 8965K, capacity 9576K, committed 9600K, reserved 1048576K
}
Event: 7.131 GC heap before
{Heap before GC invocations=11 (full 0):
 garbage-first heap   total 260096K, used 189174K [0x0000000080000000, 0x0000000100000000)
  region size 1024K, 144 young (147456K), 12 survivors (12288K)
 Metaspace       used 83083K, capacity 85040K, committed 85284K, reserved 1124352K
  class space    used 10734K, capacity 11481K, committed 11520K, reserved 1048576K
}
Event: 7.141 GC heap after
{Heap after GC invocations=12 (full 0):
 garbage-first heap   total 260096K, used 66698K [0x0000000080000000, 0x0000000100000000)
  region size 1024K, 11 young (11264K), 11 survivors (11264K)
 Metaspace       used 83083K, capacity 85040K, committed 85284K, reserved 1124352K
  class space    used 10734K, capacity 11481K, committed 11520K, reserved 1048576K
}
Event: 7.910 GC heap before
{Heap before GC invocations=12 (full 0):
 garbage-first heap   total 260096K, used 211082K [0x0000000080000000, 0x0000000100000000)
  region size 1024K, 136 young (139264K), 11 survivors (11264K)
 Metaspace       used 88198K, capacity 90653K, committed 90788K, reserved 1128448K
  class space    used 11368K, capacity 12306K, committed 12416K, reserved 1048576K
}
Event: 7.918 GC heap after
{Heap after GC invocations=13 (full 0):
 garbage-first heap   total 260096K, used 73005K [0x0000000080000000, 0x0000000100000000)
  region size 1024K, 7 young (7168K), 7 survivors (7168K)
 Metaspace       used 88198K, capacity 90653K, committed 90788K, reserved 1128448K
  class space    used 11368K, capacity 12306K, committed 12416K, reserved 1048576K
}
Event: 8.438 GC heap before
{Heap before GC invocations=13 (full 0):
 garbage-first heap   total 260096K, used 199981K [0x0000000080000000, 0x0000000100000000)
  region size 1024K, 132 young (135168K), 7 survivors (7168K)
 Metaspace       used 93026K, capacity 95530K, committed 95652K, reserved 1132544K
  class space    used 11904K, capacity 12847K, committed 12928K, reserved 1048576K
}
Event: 8.444 GC heap after
{Heap after GC invocations=14 (full 0):
 garbage-first heap   total 260096K, used 78848K [0x0000000080000000, 0x0000000100000000)
  region size 1024K, 12 young (12288K), 12 survivors (12288K)
 Metaspace       used 93026K, capacity 95530K, committed 95652K, reserved 1132544K
  class space    used 11904K, capacity 12847K, committed 12928K, reserved 1048576K
}
Event: 10.625 GC heap before
{Heap before GC invocations=14 (full 0):
 garbage-first heap   total 260096K, used 181248K [0x0000000080000000, 0x0000000100000000)
  region size 1024K, 114 young (116736K), 12 survivors (12288K)
 Metaspace       used 97711K, capacity 100233K, committed 100328K, reserved 1136640K
  class space    used 12447K, capacity 13452K, committed 13508K, reserved 1048576K
}
Event: 10.638 GC heap after
{Heap after GC invocations=15 (full 0):
 garbage-first heap   total 260096K, used 87623K [0x0000000080000000, 0x0000000100000000)
  region size 1024K, 16 young (16384K), 16 survivors (16384K)
 Metaspace       used 97711K, capacity 100233K, committed 100328K, reserved 1136640K
  class space    used 12447K, capacity 13452K, committed 13508K, reserved 1048576K
}
Event: 11.788 GC heap before
{Heap before GC invocations=16 (full 0):
 garbage-first heap   total 260096K, used 205383K [0x0000000080000000, 0x0000000100000000)
  region size 1024K, 128 young (131072K), 16 survivors (16384K)
 Metaspace       used 108511K, capacity 111681K, committed 112000K, reserved 1146880K
  class space    used 13879K, capacity 15094K, committed 15196K, reserved 1048576K
}
Event: 11.803 GC heap after
{Heap after GC invocations=17 (full 0):
 garbage-first heap   total 260096K, used 98021K [0x0000000080000000, 0x0000000100000000)
  region size 1024K, 10 young (10240K), 10 survivors (10240K)
 Metaspace       used 108511K, capacity 111681K, committed 112000K, reserved 1146880K
  class space    used 13879K, capacity 15094K, committed 15196K, reserved 1048576K
}
Event: 12.443 GC heap before
{Heap before GC invocations=18 (full 0):
 garbage-first heap   total 260096K, used 205541K [0x0000000080000000, 0x0000000100000000)
  region size 1024K, 115 young (117760K), 10 survivors (10240K)
 Metaspace       used 119692K, capacity 124611K, committed 124928K, reserved 1157120K
  class space    used 15963K, capacity 18051K, committed 18140K, reserved 1048576K
}
Event: 12.448 GC heap after
{Heap after GC invocations=19 (full 0):
 garbage-first heap   total 260096K, used 93695K [0x0000000080000000, 0x0000000100000000)
  region size 1024K, 5 young (5120K), 5 survivors (5120K)
 Metaspace       used 119692K, capacity 124611K, committed 124928K, reserved 1157120K
  class space    used 15963K, capacity 18051K, committed 18140K, reserved 1048576K
}
Event: 668.852 GC heap before
{Heap before GC invocations=19 (full 0):
 garbage-first heap   total 260096K, used 232959K [0x0000000080000000, 0x0000000100000000)
  region size 1024K, 116 young (118784K), 5 survivors (5120K)
 Metaspace       used 126653K, capacity 131803K, committed 132096K, reserved 1163264K
  class space    used 16687K, capacity 18841K, committed 18908K, reserved 1048576K
}
Event: 668.858 GC heap after
{Heap after GC invocations=20 (full 0):
 garbage-first heap   total 260096K, used 95615K [0x0000000080000000, 0x0000000100000000)
  region size 1024K, 7 young (7168K), 7 survivors (7168K)
 Metaspace       used 126653K, capacity 131803K, committed 132096K, reserved 1163264K
  class space    used 16687K, capacity 18841K, committed 18908K, reserved 1048576K
}
Event: 1087.478 GC heap before
{Heap before GC invocations=20 (full 0):
 garbage-first heap   total 260096K, used 219519K [0x0000000080000000, 0x0000000100000000)
  region size 1024K, 118 young (120832K), 7 survivors (7168K)
 Metaspace       used 127541K, capacity 132833K, committed 133120K, reserved 1163264K
  class space    used 16709K, capacity 18876K, committed 18908K, reserved 1048576K
}
Event: 1087.481 GC heap after
{Heap after GC invocations=21 (full 0):
 garbage-first heap   total 260096K, used 96634K [0x0000000080000000, 0x0000000100000000)
  region size 1024K, 6 young (6144K), 6 survivors (6144K)
 Metaspace       used 127541K, capacity 132833K, committed 133120K, reserved 1163264K
  class space    used 16709K, capacity 18876K, committed 18908K, reserved 1048576K
}

Deoptimization events (20 events):
Event: 1296.406 Thread 0x000002701392e000 DEOPT PACKING pc=0x000002706ff567b0 sp=0x000000fbc58f9000
Event: 1296.406 Thread 0x000002701392e000 DEOPT UNPACKING pc=0x000002706cea6dde sp=0x000000fbc58f8540 mode 0
Event: 1296.418 Thread 0x000002701392e000 Uncommon trap: trap_request=0xffffffde fr.pc=0x0000027074fd6378 relative=0x00000000000000b8
Event: 1296.418 Thread 0x000002701392e000 Uncommon trap: reason=class_check action=maybe_recompile pc=0x0000027074fd6378 method=java.util.stream.ReferencePipeline$4$1.accept(Ljava/lang/Object;)V @ 12 c2
Event: 1296.418 Thread 0x000002701392e000 DEOPT PACKING pc=0x0000027074fd6378 sp=0x000000fbc58fb200
Event: 1296.418 Thread 0x000002701392e000 DEOPT UNPACKING pc=0x000002706cea662f sp=0x000000fbc58fb180 mode 2
Event: 1296.550 Thread 0x000002700843a800 Uncommon trap: trap_request=0xffffffde fr.pc=0x00000270751c82f4 relative=0x0000000000003b74
Event: 1296.550 Thread 0x000002700843a800 Uncommon trap: reason=class_check action=maybe_recompile pc=0x00000270751c82f4 method=org.gradle.internal.snapshot.impl.DefaultValueSnapshotter.processValue(Ljava/lang/Object;Lorg/gradle/internal/snapshot/impl/DefaultValueSnapshotter$ValueVisitor;)Ljava/l
Event: 1296.550 Thread 0x000002700843a800 DEOPT PACKING pc=0x00000270751c82f4 sp=0x000000fbd2ffa340
Event: 1296.550 Thread 0x000002700843a800 DEOPT UNPACKING pc=0x000002706cea662f sp=0x000000fbd2ffa330 mode 2
Event: 1296.571 Thread 0x000002700843a800 Uncommon trap: trap_request=0xffffffc6 fr.pc=0x000002707518bf5c relative=0x00000000000002fc
Event: 1296.571 Thread 0x000002700843a800 Uncommon trap: reason=bimorphic_or_optimized_type_check action=maybe_recompile pc=0x000002707518bf5c method=org.gradle.internal.snapshot.ChildMapFactory.childMapFromSorted(Ljava/util/List;)Lorg/gradle/internal/snapshot/ChildMap; @ 1 c2
Event: 1296.571 Thread 0x000002700843a800 DEOPT PACKING pc=0x000002707518bf5c sp=0x000000fbd2ffe220
Event: 1296.571 Thread 0x000002700843a800 DEOPT UNPACKING pc=0x000002706cea662f sp=0x000000fbd2ffe1e8 mode 2
Event: 1801.710 Thread 0x000002700dad9800 DEOPT PACKING pc=0x000002706dafbd79 sp=0x000000fbc58fbbe0
Event: 1801.710 Thread 0x000002700dad9800 DEOPT UNPACKING pc=0x000002706cea6dde sp=0x000000fbc58fb0a8 mode 0
Event: 1801.724 Thread 0x000002700dad9800 Uncommon trap: trap_request=0xffffffde fr.pc=0x000002707514c304 relative=0x0000000000000444
Event: 1801.724 Thread 0x000002700dad9800 Uncommon trap: reason=class_check action=maybe_recompile pc=0x000002707514c304 method=org.gradle.cache.internal.LockOnDemandCrossProcessCacheAccess.incrementLockCount()V @ 97 c2
Event: 1801.725 Thread 0x000002700dad9800 DEOPT PACKING pc=0x000002707514c304 sp=0x000000fbc58f78c0
Event: 1801.725 Thread 0x000002700dad9800 DEOPT UNPACKING pc=0x000002706cea662f sp=0x000000fbc58f7870 mode 2

Classes redefined (0 events):
No events

Internal exceptions (20 events):
Event: 1087.579 Thread 0x00000270135a2800 Exception <a 'sun/nio/fs/WindowsException'{0x000000008ed42a08}> (0x000000008ed42a08) thrown at [./src/hotspot/share/prims/jni.cpp, line 615]
Event: 1087.579 Thread 0x00000270135a2800 Exception <a 'sun/nio/fs/WindowsException'{0x000000008ed43dd0}> (0x000000008ed43dd0) thrown at [./src/hotspot/share/prims/jni.cpp, line 615]
Event: 1087.604 Thread 0x00000270135a2800 Exception <a 'sun/nio/fs/WindowsException'{0x000000008ebfcdb0}> (0x000000008ebfcdb0) thrown at [./src/hotspot/share/prims/jni.cpp, line 615]
Event: 1087.759 Thread 0x0000027013938800 Exception <a 'sun/nio/fs/WindowsException'{0x000000008d557458}> (0x000000008d557458) thrown at [./src/hotspot/share/prims/jni.cpp, line 615]
Event: 1087.761 Thread 0x00000270135a2800 Exception <a 'sun/nio/fs/WindowsException'{0x000000008ea19360}> (0x000000008ea19360) thrown at [./src/hotspot/share/prims/jni.cpp, line 615]
Event: 1087.761 Thread 0x00000270135a2800 Exception <a 'sun/nio/fs/WindowsException'{0x000000008ea193e0}> (0x000000008ea193e0) thrown at [./src/hotspot/share/prims/jni.cpp, line 615]
Event: 1087.761 Thread 0x00000270135a2800 Exception <a 'sun/nio/fs/WindowsException'{0x000000008ea1acc0}> (0x000000008ea1acc0) thrown at [./src/hotspot/share/prims/jni.cpp, line 615]
Event: 1296.352 Thread 0x000002701392e000 Exception <a 'sun/nio/fs/WindowsException'{0x000000008bb8eb38}> (0x000000008bb8eb38) thrown at [./src/hotspot/share/prims/jni.cpp, line 615]
Event: 1296.352 Thread 0x000002701392e000 Exception <a 'sun/nio/fs/WindowsException'{0x000000008bb903e0}> (0x000000008bb903e0) thrown at [./src/hotspot/share/prims/jni.cpp, line 615]
Event: 1296.377 Thread 0x000002701392e000 Exception <a 'java/lang/NoClassDefFoundError'{0x000000008b8e55e8}: org/jetbrains/kotlin/gradle/plugin/KotlinBasePluginWrapper> (0x000000008b8e55e8) thrown at [./src/hotspot/share/oops/constantPool.cpp, line 775]
Event: 1296.400 Thread 0x000002701392e000 Exception <a 'sun/nio/fs/WindowsException'{0x000000008b59a478}> (0x000000008b59a478) thrown at [./src/hotspot/share/prims/jni.cpp, line 615]
Event: 1296.404 Thread 0x000002701392e000 Exception <a 'sun/nio/fs/WindowsException'{0x000000008b4405f8}> (0x000000008b4405f8) thrown at [./src/hotspot/share/prims/jni.cpp, line 615]
Event: 1296.404 Thread 0x000002701392e000 Exception <a 'sun/nio/fs/WindowsException'{0x000000008b441970}> (0x000000008b441970) thrown at [./src/hotspot/share/prims/jni.cpp, line 615]
Event: 1296.404 Thread 0x000002701392e000 Exception <a 'sun/nio/fs/WindowsException'{0x000000008b442d38}> (0x000000008b442d38) thrown at [./src/hotspot/share/prims/jni.cpp, line 615]
Event: 1296.404 Thread 0x000002701392e000 Exception <a 'sun/nio/fs/WindowsException'{0x000000008b444100}> (0x000000008b444100) thrown at [./src/hotspot/share/prims/jni.cpp, line 615]
Event: 1296.426 Thread 0x000002701392e000 Exception <a 'sun/nio/fs/WindowsException'{0x000000008b10a4b0}> (0x000000008b10a4b0) thrown at [./src/hotspot/share/prims/jni.cpp, line 615]
Event: 1296.585 Thread 0x000002700dae2800 Exception <a 'sun/nio/fs/WindowsException'{0x0000000089c4b190}> (0x0000000089c4b190) thrown at [./src/hotspot/share/prims/jni.cpp, line 615]
Event: 1296.586 Thread 0x000002701392e000 Exception <a 'sun/nio/fs/WindowsException'{0x0000000089c579f0}> (0x0000000089c579f0) thrown at [./src/hotspot/share/prims/jni.cpp, line 615]
Event: 1296.586 Thread 0x000002701392e000 Exception <a 'sun/nio/fs/WindowsException'{0x0000000089c57a70}> (0x0000000089c57a70) thrown at [./src/hotspot/share/prims/jni.cpp, line 615]
Event: 1296.586 Thread 0x000002701392e000 Exception <a 'sun/nio/fs/WindowsException'{0x0000000089c595c0}> (0x0000000089c595c0) thrown at [./src/hotspot/share/prims/jni.cpp, line 615]

Events (20 events):
Event: 1356.637 Thread 0x000002701392e000 Thread exited: 0x000002701392e000
Event: 1801.689 Thread 0x000002700dad8000 Thread added: 0x000002700dad8000
Event: 1801.689 Thread 0x000002700dad4800 Thread added: 0x000002700dad4800
Event: 1801.690 Thread 0x000002700dad7000 Thread added: 0x000002700dad7000
Event: 1801.692 Thread 0x000002700dad9800 Thread added: 0x000002700dad9800
Event: 1801.693 Executing VM operation: RevokeBias
Event: 1801.693 Executing VM operation: RevokeBias done
Event: 1801.694 Thread 0x000002700dada000 Thread added: 0x000002700dada000
Event: 1801.695 Thread 0x000002700dadb000 Thread added: 0x000002700dadb000
Event: 1801.695 Thread 0x000002700dad5800 Thread added: 0x000002700dad5800
Event: 1801.698 Thread 0x000002700dad6000 Thread added: 0x000002700dad6000
Event: 1801.703 Thread 0x000002700dade800 Thread added: 0x000002700dade800
Event: 1801.704 Thread 0x000002700dadc800 Thread added: 0x000002700dadc800
Event: 1801.705 Thread 0x000002700dadf000 Thread added: 0x000002700dadf000
Event: 1801.708 Thread 0x000002700dadc000 Thread added: 0x000002700dadc000
Event: 1801.709 Thread 0x000002700dae1800 Thread added: 0x000002700dae1800
Event: 1801.711 Executing VM operation: RevokeBias
Event: 1801.711 Executing VM operation: RevokeBias done
Event: 1801.717 Thread 0x000002700dae2800 Thread added: 0x000002700dae2800
Event: 1801.724 Thread 0x000002700dae3000 Thread added: 0x000002700dae3000


Dynamic libraries:
0x00007ff753a10000 - 0x00007ff753a1a000 	C:\Program Files\Android\Android Studio\jre\bin\java.exe
0x00007fff12a60000 - 0x00007fff12c69000 	C:\WINDOWS\SYSTEM32\ntdll.dll
0x00007fff113c0000 - 0x00007fff1147d000 	C:\WINDOWS\System32\KERNEL32.DLL
0x00007fff10190000 - 0x00007fff10504000 	C:\WINDOWS\System32\KERNELBASE.dll
0x00007fff0ffd0000 - 0x00007fff100e1000 	C:\WINDOWS\System32\ucrtbase.dll
0x00007ffef2c80000 - 0x00007ffef2c99000 	C:\Program Files\Android\Android Studio\jre\bin\jli.dll
0x00007ffef2860000 - 0x00007ffef2877000 	C:\Program Files\Android\Android Studio\jre\bin\VCRUNTIME140.dll
0x00007fff12790000 - 0x00007fff1293c000 	C:\WINDOWS\System32\USER32.dll
0x00007fff04950000 - 0x00007fff04bf5000 	C:\WINDOWS\WinSxS\amd64_microsoft.windows.common-controls_6595b64144ccf1df_6.0.22000.120_none_9d947278b86cc467\COMCTL32.dll
0x00007fff10510000 - 0x00007fff10536000 	C:\WINDOWS\System32\win32u.dll
0x00007fff126e0000 - 0x00007fff12783000 	C:\WINDOWS\System32\msvcrt.dll
0x00007fff10f90000 - 0x00007fff10fb9000 	C:\WINDOWS\System32\GDI32.dll
0x00007fff10600000 - 0x00007fff10712000 	C:\WINDOWS\System32\gdi32full.dll
0x00007fff100f0000 - 0x00007fff1018d000 	C:\WINDOWS\System32\msvcp_win.dll
0x00007fff129b0000 - 0x00007fff129e1000 	C:\WINDOWS\System32\IMM32.DLL
0x00007ffedb660000 - 0x00007ffedb6fd000 	C:\Program Files\Android\Android Studio\jre\bin\msvcp140.dll
0x00007ffec2130000 - 0x00007ffec2c05000 	C:\Program Files\Android\Android Studio\jre\bin\server\jvm.dll
0x00007fff12100000 - 0x00007fff121ae000 	C:\WINDOWS\System32\ADVAPI32.dll
0x00007fff11150000 - 0x00007fff111ee000 	C:\WINDOWS\System32\sechost.dll
0x00007fff10df0000 - 0x00007fff10f10000 	C:\WINDOWS\System32\RPCRT4.dll
0x00007fff121b0000 - 0x00007fff121b8000 	C:\WINDOWS\System32\PSAPI.DLL
0x00007fff06700000 - 0x00007fff06733000 	C:\WINDOWS\SYSTEM32\WINMM.dll
0x00007ffefd670000 - 0x00007ffefd679000 	C:\WINDOWS\SYSTEM32\WSOCK32.dll
0x00007fff072e0000 - 0x00007fff072ea000 	C:\WINDOWS\SYSTEM32\VERSION.dll
0x00007fff12940000 - 0x00007fff129af000 	C:\WINDOWS\System32\WS2_32.dll
0x00007fff0f140000 - 0x00007fff0f158000 	C:\WINDOWS\SYSTEM32\kernel.appcore.dll
0x00007fff076d0000 - 0x00007fff076e1000 	C:\Program Files\Android\Android Studio\jre\bin\verify.dll
0x00007fff0a570000 - 0x00007fff0a791000 	C:\WINDOWS\SYSTEM32\DBGHELP.DLL
0x00007fff03600000 - 0x00007fff03631000 	C:\WINDOWS\SYSTEM32\dbgcore.DLL
0x00007fff0ff50000 - 0x00007fff0ffcf000 	C:\WINDOWS\System32\bcryptPrimitives.dll
0x00007fff067d0000 - 0x00007fff067f9000 	C:\Program Files\Android\Android Studio\jre\bin\java.dll
0x00007fff08cb0000 - 0x00007fff08cbb000 	C:\Program Files\Android\Android Studio\jre\bin\jimage.dll
0x00007fff04cb0000 - 0x00007fff04cc8000 	C:\Program Files\Android\Android Studio\jre\bin\zip.dll
0x00007fff11860000 - 0x00007fff1200f000 	C:\WINDOWS\System32\SHELL32.dll
0x00007fff0e0d0000 - 0x00007fff0e938000 	C:\WINDOWS\SYSTEM32\windows.storage.dll
0x00007fff12360000 - 0x00007fff126d8000 	C:\WINDOWS\System32\combase.dll
0x00007fff0df60000 - 0x00007fff0e0c6000 	C:\WINDOWS\SYSTEM32\wintypes.dll
0x00007fff12010000 - 0x00007fff120fa000 	C:\WINDOWS\System32\SHCORE.dll
0x00007fff10d90000 - 0x00007fff10ded000 	C:\WINDOWS\System32\shlwapi.dll
0x00007fff0fe80000 - 0x00007fff0fea1000 	C:\WINDOWS\SYSTEM32\profapi.dll
0x00007fff04c60000 - 0x00007fff04c7a000 	C:\Program Files\Android\Android Studio\jre\bin\net.dll
0x00007fff098a0000 - 0x00007fff099ac000 	C:\WINDOWS\SYSTEM32\WINHTTP.dll
0x00007fff0f570000 - 0x00007fff0f5d7000 	C:\WINDOWS\system32\mswsock.dll
0x00007fff03250000 - 0x00007fff03264000 	C:\Program Files\Android\Android Studio\jre\bin\nio.dll
0x00007fff02bf0000 - 0x00007fff02c17000 	C:\Users\Ahaan\.gradle\native\e1d6ef7f7dcc3fd88c89a11ec53ec762bb8ba0a96d01ffa2cd45eb1d1d8dd5c5\windows-amd64\native-platform.dll
0x00007ffedb030000 - 0x00007ffedb174000 	C:\Users\Ahaan\.gradle\native\5664cfc778a61ccfe75a443a1ab52a65af34e5dc3c78e0209fed803814484fcb\windows-amd64\native-platform-file-events.dll
0x00007fff07ed0000 - 0x00007fff07eda000 	C:\Program Files\Android\Android Studio\jre\bin\management.dll
0x00007fff07ea0000 - 0x00007fff07ead000 	C:\Program Files\Android\Android Studio\jre\bin\management_ext.dll
0x00007fff0f7b0000 - 0x00007fff0f7c8000 	C:\WINDOWS\SYSTEM32\CRYPTSP.dll
0x00007fff0f0a0000 - 0x00007fff0f0d5000 	C:\WINDOWS\system32\rsaenh.dll
0x00007fff0f660000 - 0x00007fff0f689000 	C:\WINDOWS\SYSTEM32\USERENV.dll
0x00007fff0f930000 - 0x00007fff0f957000 	C:\WINDOWS\SYSTEM32\bcrypt.dll
0x00007fff0f7d0000 - 0x00007fff0f7dc000 	C:\WINDOWS\SYSTEM32\CRYPTBASE.dll
0x00007fff0ebf0000 - 0x00007fff0ec1d000 	C:\WINDOWS\SYSTEM32\IPHLPAPI.DLL
0x00007fff11710000 - 0x00007fff11719000 	C:\WINDOWS\System32\NSI.dll
0x00007fff076a0000 - 0x00007fff076b9000 	C:\WINDOWS\SYSTEM32\dhcpcsvc6.DLL
0x00007fff07950000 - 0x00007fff0796e000 	C:\WINDOWS\SYSTEM32\dhcpcsvc.DLL
0x00007fff0ec20000 - 0x00007fff0ed08000 	C:\WINDOWS\SYSTEM32\DNSAPI.dll
0x00007fff0d8f0000 - 0x00007fff0d924000 	C:\WINDOWS\SYSTEM32\ntmarta.dll
0x00007fff02b30000 - 0x00007fff02b57000 	C:\Program Files\Android\Android Studio\jre\bin\sunec.dll

dbghelp: loaded successfully - version: 4.0.5 - missing functions: none
symbol engine: initialized successfully - sym options: 0x614 - pdb path: .;C:\Program Files\Android\Android Studio\jre\bin;C:\WINDOWS\SYSTEM32;C:\WINDOWS\WinSxS\amd64_microsoft.windows.common-controls_6595b64144ccf1df_6.0.22000.120_none_9d947278b86cc467;C:\Program Files\Android\Android Studio\jre\bin\server;C:\Users\Ahaan\.gradle\native\e1d6ef7f7dcc3fd88c89a11ec53ec762bb8ba0a96d01ffa2cd45eb1d1d8dd5c5\windows-amd64;C:\Users\Ahaan\.gradle\native\5664cfc778a61ccfe75a443a1ab52a65af34e5dc3c78e0209fed803814484fcb\windows-amd64

VM Arguments:
jvm_args: --add-opens=java.base/java.util=ALL-UNNAMED --add-opens=java.base/java.lang=ALL-UNNAMED --add-opens=java.base/java.lang.invoke=ALL-UNNAMED --add-opens=java.base/java.util=ALL-UNNAMED --add-opens=java.prefs/java.util.prefs=ALL-UNNAMED --add-opens=java.prefs/java.util.prefs=ALL-UNNAMED --add-opens=java.base/java.nio.charset=ALL-UNNAMED --add-opens=java.base/java.net=ALL-UNNAMED --add-opens=java.base/java.util.concurrent.atomic=ALL-UNNAMED -Xmx2048m -Dfile.encoding=UTF-8 -Duser.country=US -Duser.language=en -Duser.variant 
java_command: org.gradle.launcher.daemon.bootstrap.GradleDaemon 7.2
java_class_path (initial): C:\Users\Ahaan\.gradle\wrapper\dists\gradle-7.2-bin\2dnblmf4td7x66yl1d74lt32g\gradle-7.2\lib\gradle-launcher-7.2.jar
Launcher Type: SUN_STANDARD

[Global flags]
     intx CICompilerCount                          = 12                                        {product} {ergonomic}
     uint ConcGCThreads                            = 3                                         {product} {ergonomic}
     uint G1ConcRefinementThreads                  = 13                                        {product} {ergonomic}
   size_t G1HeapRegionSize                         = 1048576                                   {product} {ergonomic}
    uintx GCDrainStackTargetSize                   = 64                                        {product} {ergonomic}
   size_t InitialHeapSize                          = 266338304                                 {product} {ergonomic}
   size_t MarkStackSize                            = 4194304                                   {product} {ergonomic}
   size_t MaxHeapSize                              = 2147483648                                {product} {command line}
   size_t MaxNewSize                               = 1287651328                                {product} {ergonomic}
   size_t MinHeapDeltaBytes                        = 1048576                                   {product} {ergonomic}
    uintx NonNMethodCodeHeapSize                   = 7594288                                {pd product} {ergonomic}
    uintx NonProfiledCodeHeapSize                  = 122031976                              {pd product} {ergonomic}
    uintx ProfiledCodeHeapSize                     = 122031976                              {pd product} {ergonomic}
    uintx ReservedCodeCacheSize                    = 251658240                              {pd product} {ergonomic}
     bool SegmentedCodeCache                       = true                                      {product} {ergonomic}
     bool UseCompressedClassPointers               = true                                 {lp64_product} {ergonomic}
     bool UseCompressedOops                        = true                                 {lp64_product} {ergonomic}
     bool UseG1GC                                  = true                                      {product} {ergonomic}
     bool UseLargePagesIndividualAllocation        = false                                  {pd product} {ergonomic}

Logging:
Log output configuration:
 #0: stdout all=warning uptime,level,tags
 #1: stderr all=off uptime,level,tags

Environment Variables:
JAVA_HOME=C:\Program Files\Java\jdk1.8.0_311
CLASSPATH=C:\Users\Ahaan\Documents\Java\UnitOne\classes
PATH=C:\Program Files (x86)\Common Files\Oracle\Java\javapath;C:\ProgramData\Oracle\Java\javapath;C:\Windows\system32;C:\Windows;C:\Windows\System32\Wbem;C:\Windows\System32\WindowsPowerShell\v1.0\;C:\Windows\System32\OpenSSH\;C:\Program Files (x86)\NVIDIA Corporation\PhysX\Common;C:\Program Files\NVIDIA Corporation\NVIDIA NvDLISR;C:\Program Files\dotnet\;C:\WINDOWS\system32;C:\WINDOWS;C:\WINDOWS\System32\Wbem;C:\WINDOWS\System32\WindowsPowerShell\v1.0\;C:\WINDOWS\System32\OpenSSH\;C:\Android;C:\Program Files\Java\jdk1.8.0_311\bin;C:\Program Files\Git\cmd;C:\Program Files\MySQL\MySQL Shell 8.0\bin\;C:\Users\Ahaan\AppData\Local\Microsoft\WindowsApps;C:\Users\Ahaan\AppData\Local\Programs\Microsoft VS Code\bin;C:\Program Files\mingw-w64\x86_64-8.1.0-posix-seh-rt_v6-rev0\mingw64\bin;C:\src\Flutter\bin;"C:\src\mysql-connector-java-5.0.8-bin.jar;.;";
USERNAME=Ahaan
OS=Windows_NT
PROCESSOR_IDENTIFIER=Intel64 Family 6 Model 165 Stepping 2, GenuineIntel



---------------  S Y S T E M  ---------------

OS: Windows 10 , 64 bit Build 22000 (10.0.22000.613)
OS uptime: 0 days 5:32 hours

CPU:total 16 (initial active 16) (8 cores per cpu, 2 threads per core) family 6 model 165 stepping 2 microcode 0xe0, cmov, cx8, fxsr, mmx, sse, sse2, sse3, ssse3, sse4.1, sse4.2, popcnt, avx, avx2, aes, clmul, erms, 3dnowpref, lzcnt, ht, tsc, tscinvbit, bmi1, bmi2, adx, fma

Memory: 4k page, system-wide physical 16168M (2540M free)
TotalPageFile size 19085M (AvailPageFile size 4M)
current process WorkingSet (physical memory assigned to process): 588M, peak: 680M
current process commit charge ("private bytes"): 655M, peak: 733M

vm_info: OpenJDK 64-Bit Server VM (11.0.11+9-b60-7590822) for windows-amd64 JRE (11.0.11+9-b60-7590822), built on Jul 29 2021 21:43:44 by "builder" with MS VC++ 14.0 (VS2015)

END.
